#
# There is insufficient memory for the Java Runtime Environment to continue.
# Native memory allocation (malloc) failed to allocate 131088 bytes for Chunk::new
# Possible reasons:
#   The system is out of physical RAM or swap space
#   In 32 bit mode, the process size limit was hit
# Possible solutions:
#   Reduce memory load on the system
#   Increase physical memory or swap space
#   Check if swap backing store is full
#   Use 64 bit Java on a 64 bit OS
#   Decrease Java heap size (-Xmx/-Xms)
#   Decrease number of Java threads
#   Decrease Java thread stack sizes (-Xss)
#   Set larger code cache with -XX:ReservedCodeCacheSize=
# This output file may be truncated or incomplete.
#
#  Out of Memory Error (allocation.cpp:323), pid=3496, tid=6112
#
# JRE version: Java(TM) SE Runtime Environment (7.0_65-b19) (build 1.7.0_65-b19)
# Java VM: Java HotSpot(TM) 64-Bit Server VM (24.65-b04 mixed mode windows-amd64 compressed oops)
# Failed to write core dump. Minidumps are not enabled by default on client versions of Windows
#

---------------  T H R E A D  ---------------

Current thread (0x00000000084f4000):  JavaThread "C2 CompilerThread0" daemon [_thread_in_native, id=6112, stack(0x0000000009a60000,0x0000000009b60000)]

Stack: [0x0000000009a60000,0x0000000009b60000]

Current CompileTask:
C2:   3222  211   !         com.android.dx.cf.code.Ropper::processBlock (1101 bytes)


---------------  P R O C E S S  ---------------

Java Threads: ( => current thread )
  0x0000000009f6d000 JavaThread "pool-1-thread-4" [_thread_in_vm, id=2364, stack(0x000000000a660000,0x000000000a760000)]
  0x0000000009f6c000 JavaThread "pool-1-thread-3" [_thread_in_Java, id=5400, stack(0x000000000a560000,0x000000000a660000)]
  0x0000000009f8a000 JavaThread "pool-1-thread-2" [_thread_in_Java, id=6212, stack(0x000000000a460000,0x000000000a560000)]
  0x0000000009ee8800 JavaThread "pool-2-thread-1" [_thread_blocked, id=4748, stack(0x000000000a360000,0x000000000a460000)]
  0x0000000009ee6800 JavaThread "pool-1-thread-1" [_thread_in_Java, id=2116, stack(0x000000000a260000,0x000000000a360000)]
  0x0000000008509800 JavaThread "Service Thread" daemon [_thread_blocked, id=6044, stack(0x0000000009c60000,0x0000000009d60000)]
  0x00000000084f6800 JavaThread "C2 CompilerThread1" daemon [_thread_in_vm, id=4444, stack(0x0000000009b60000,0x0000000009c60000)]
=>0x00000000084f4000 JavaThread "C2 CompilerThread0" daemon [_thread_in_native, id=6112, stack(0x0000000009a60000,0x0000000009b60000)]
  0x00000000084f3000 JavaThread "Attach Listener" daemon [_thread_blocked, id=5876, stack(0x0000000009960000,0x0000000009a60000)]
  0x00000000084ef800 JavaThread "Signal Dispatcher" daemon [_thread_blocked, id=2524, stack(0x0000000009860000,0x0000000009960000)]
  0x00000000084b9000 JavaThread "Finalizer" daemon [_thread_blocked, id=5824, stack(0x0000000009760000,0x0000000009860000)]
  0x00000000084b5800 JavaThread "Reference Handler" daemon [_thread_blocked, id=5012, stack(0x0000000009660000,0x0000000009760000)]
  0x00000000023dd800 JavaThread "main" [_thread_in_vm, id=4344, stack(0x0000000002400000,0x0000000002500000)]

Other Threads:
  0x00000000084b1800 VMThread [stack: 0x0000000009560000,0x0000000009660000] [id=740]
  0x0000000008513800 WatcherThread [stack: 0x0000000009d60000,0x0000000009e60000] [id=3732]

VM state:not at safepoint (normal execution)

VM Mutex/Monitor currently owned by a thread: None

Heap
 PSYoungGen      total 18944K, used 13132K [0x00000000eaa80000, 0x00000000ebf80000, 0x0000000100000000)
  eden space 16384K, 64% used [0x00000000eaa80000,0x00000000eb4d5aa0,0x00000000eba80000)
  from space 2560K, 99% used [0x00000000eba80000,0x00000000ebcfd628,0x00000000ebd00000)
  to   space 2560K, 0% used [0x00000000ebd00000,0x00000000ebd00000,0x00000000ebf80000)
 ParOldGen       total 42496K, used 1709K [0x00000000c0000000, 0x00000000c2980000, 0x00000000eaa80000)
  object space 42496K, 4% used [0x00000000c0000000,0x00000000c01ab610,0x00000000c2980000)
 PSPermGen       total 21504K, used 5338K [0x00000000bae00000, 0x00000000bc300000, 0x00000000c0000000)
  object space 21504K, 24% used [0x00000000bae00000,0x00000000bb336ad0,0x00000000bc300000)

Card table byte_map: [0x00000000056d0000,0x0000000005900000] byte_map_base: 0x00000000050f9000

Polling page: 0x0000000002380000

Code Cache  [0x0000000002610000, 0x0000000002880000, 0x0000000005610000)
 total_blobs=428 nmethods=214 adapters=166 free_code_cache=48335Kb largest_free_block=49450112

Compilation events (10 events):
Event: 3.163 Thread 0x00000000084f4000  211   !         com.android.dx.cf.code.Ropper::processBlock (1101 bytes)
Event: 3.164 Thread 0x00000000084f6800  212             com.android.dx.util.IntList::indexOf (16 bytes)
Event: 3.167 Thread 0x00000000084f6800 nmethod 212 0x00000000026cc410 code [0x00000000026cc560, 0x00000000026cc718]
Event: 3.173 Thread 0x00000000084f6800  213             com.android.dx.rop.code.LocalVariableExtractor::processBlock (327 bytes)
Event: 3.209 Thread 0x00000000084f6800 nmethod 213 0x00000000026e4190 code [0x00000000026e4480, 0x00000000026e5610]
Event: 3.210 Thread 0x00000000084f6800  214             com.android.dx.cf.code.Frame::getStack (5 bytes)
Event: 3.210 Thread 0x00000000084f6800 nmethod 214 0x00000000026ba750 code [0x00000000026ba880, 0x00000000026ba8d8]
Event: 3.211 Thread 0x00000000084f6800  215             com.android.dx.rop.code.PlainInsn::<init> (73 bytes)
Event: 3.213 Thread 0x00000000084f6800 nmethod 215 0x00000000026d5e50 code [0x00000000026d5fa0, 0x00000000026d60d8]
Event: 3.221 Thread 0x00000000084f6800  216             com.android.dx.ssa.SsaBasicBlock::newFromRop (183 bytes)

GC Heap History (2 events):
Event: 2.189 GC heap before
{Heap before GC invocations=1 (full 0):
 PSYoungGen      total 18944K, used 16384K [0x00000000eaa80000, 0x00000000ebf80000, 0x0000000100000000)
  eden space 16384K, 100% used [0x00000000eaa80000,0x00000000eba80000,0x00000000eba80000)
  from space 2560K, 0% used [0x00000000ebd00000,0x00000000ebd00000,0x00000000ebf80000)
  to   space 2560K, 0% used [0x00000000eba80000,0x00000000eba80000,0x00000000ebd00000)
 ParOldGen       total 42496K, used 0K [0x00000000c0000000, 0x00000000c2980000, 0x00000000eaa80000)
  object space 42496K, 0% used [0x00000000c0000000,0x00000000c0000000,0x00000000c2980000)
 PSPermGen       total 21504K, used 5215K [0x00000000bae00000, 0x00000000bc300000, 0x00000000c0000000)
  object space 21504K, 24% used [0x00000000bae00000,0x00000000bb317ce8,0x00000000bc300000)
Event: 2.233 GC heap after
Heap after GC invocations=1 (full 0):
 PSYoungGen      total 18944K, used 2549K [0x00000000eaa80000, 0x00000000ebf80000, 0x0000000100000000)
  eden space 16384K, 0% used [0x00000000eaa80000,0x00000000eaa80000,0x00000000eba80000)
  from space 2560K, 99% used [0x00000000eba80000,0x00000000ebcfd628,0x00000000ebd00000)
  to   space 2560K, 0% used [0x00000000ebd00000,0x00000000ebd00000,0x00000000ebf80000)
 ParOldGen       total 42496K, used 1709K [0x00000000c0000000, 0x00000000c2980000, 0x00000000eaa80000)
  object space 42496K, 4% used [0x00000000c0000000,0x00000000c01ab610,0x00000000c2980000)
 PSPermGen       total 21504K, used 5215K [0x00000000bae00000, 0x00000000bc300000, 0x00000000c0000000)
  object space 21504K, 24% used [0x00000000bae00000,0x00000000bb317ce8,0x00000000bc300000)
}

Deoptimization events (10 events):
Event: 1.647 Thread 0x0000000009f6d000 Uncommon trap: reason=class_check action=maybe_recompile pc=0x000000000267b3c0 method=com.android.dx.rop.cst.CstMemberRef.compareTo0(Lcom/android/dx/rop/cst/Constant;)I @ 1
Event: 2.447 Thread 0x0000000009f6c000 Uncommon trap: reason=unreached action=reinterpret pc=0x000000000269f0dc method=com.android.dx.rop.code.RegisterSpec.equals(ILcom/android/dx/rop/type/TypeBearer;Lcom/android/dx/rop/code/LocalItem;)Z @ 24
Event: 2.450 Thread 0x0000000009ee6800 Uncommon trap: reason=unreached action=reinterpret pc=0x000000000269a860 method=com.android.dx.rop.code.RegisterSpec.equals(ILcom/android/dx/rop/type/TypeBearer;Lcom/android/dx/rop/code/LocalItem;)Z @ 24
Event: 2.454 Thread 0x0000000009f6c000 Uncommon trap: reason=class_check action=maybe_recompile pc=0x0000000002690c20 method=com.android.dx.rop.type.Type.equals(Ljava/lang/Object;)Z @ 8
Event: 2.827 Thread 0x0000000009f6c000 Uncommon trap: reason=unloaded action=reinterpret pc=0x000000000268a700 method=com.android.dx.ssa.SsaRenamer$BlockRenamer.visitMoveInsn(Lcom/android/dx/ssa/NormalSsaInsn;)V @ 208
Event: 2.827 Thread 0x0000000009f6c000 Uncommon trap: reason=unreached action=reinterpret pc=0x00000000026c6a70 method=com.android.dx.ssa.SsaRenamer$BlockRenamer.process()V @ 59
Event: 2.856 Thread 0x0000000009f6d000 Uncommon trap: reason=class_check action=maybe_recompile pc=0x0000000002690c20 method=com.android.dx.rop.type.Type.equals(Ljava/lang/Object;)Z @ 8
Event: 2.856 Thread 0x0000000009f6d000 Uncommon trap: reason=class_check action=maybe_recompile pc=0x0000000002690c20 method=com.android.dx.rop.type.Type.equals(Ljava/lang/Object;)Z @ 8
Event: 2.857 Thread 0x0000000009f6d000 Uncommon trap: reason=unreached action=reinterpret pc=0x00000000026c8d18 method=com.android.dx.ssa.LocalVariableExtractor.processBlock(I)V @ 194
Event: 2.861 Thread 0x0000000009f6d000 Uncommon trap: reason=class_check action=maybe_recompile pc=0x0000000002690c20 method=com.android.dx.rop.type.Type.equals(Ljava/lang/Object;)Z @ 8

Internal exceptions (10 events):
Event: 1.629 Thread 0x0000000009f8a000 Threw 0x00000000eb103228 at C:\re\jdk7u65\1313\hotspot\src\share\vm\prims\jvm.cpp:1244
Event: 1.645 Thread 0x00000000023dd800 Threw 0x00000000eb24ac40 at C:\re\jdk7u65\1313\hotspot\src\share\vm\prims\jvm.cpp:1244
Event: 1.677 Thread 0x0000000009f6d000 Threw 0x00000000eb419460 at C:\re\jdk7u65\1313\hotspot\src\share\vm\prims\jvm.cpp:1244
Event: 2.251 Thread 0x00000000023dd800 Threw 0x00000000eabdf060 at C:\re\jdk7u65\1313\hotspot\src\share\vm\prims\jvm.cpp:1244
Event: 2.252 Thread 0x00000000023dd800 Threw 0x00000000eabe2b38 at C:\re\jdk7u65\1313\hotspot\src\share\vm\prims\jvm.cpp:1244
Event: 2.254 Thread 0x00000000023dd800 Threw 0x00000000eac20190 at C:\re\jdk7u65\1313\hotspot\src\share\vm\prims\jvm.cpp:1244
Event: 2.255 Thread 0x00000000023dd800 Threw 0x00000000eac23e68 at C:\re\jdk7u65\1313\hotspot\src\share\vm\prims\jvm.cpp:1244
Event: 2.439 Thread 0x0000000009f6c000 Threw 0x00000000eadf4070 at C:\re\jdk7u65\1313\hotspot\src\share\vm\prims\jvm.cpp:1244
Event: 2.451 Thread 0x0000000009f6c000 Threw 0x00000000eae600d8 at C:\re\jdk7u65\1313\hotspot\src\share\vm\prims\jvm.cpp:1244
Event: 2.457 Thread 0x0000000009ee6800 Threw 0x00000000eaeb9b50 at C:\re\jdk7u65\1313\hotspot\src\share\vm\prims\jvm.cpp:1244

Events (10 events):
Event: 2.856 Thread 0x0000000009f6d000 DEOPT UNPACKING pc=0x00000000026475a4 sp=0x000000000a75e738 mode 2
Event: 2.856 Thread 0x0000000009f6d000 Uncommon trap: trap_request=0xffffffde fr.pc=0x0000000002690c20
Event: 2.856 Thread 0x0000000009f6d000 DEOPT PACKING pc=0x0000000002690c20 sp=0x000000000a75e840
Event: 2.856 Thread 0x0000000009f6d000 DEOPT UNPACKING pc=0x00000000026475a4 sp=0x000000000a75e7e8 mode 2
Event: 2.857 Thread 0x0000000009f6d000 Uncommon trap: trap_request=0xffffffad fr.pc=0x00000000026c8d18
Event: 2.858 Thread 0x0000000009f6d000 DEOPT PACKING pc=0x00000000026c8d18 sp=0x000000000a75ece0
Event: 2.858 Thread 0x0000000009f6d000 DEOPT UNPACKING pc=0x00000000026475a4 sp=0x000000000a75ec50 mode 2
Event: 2.861 Thread 0x0000000009f6d000 Uncommon trap: trap_request=0xffffffde fr.pc=0x0000000002690c20
Event: 2.861 Thread 0x0000000009f6d000 DEOPT PACKING pc=0x0000000002690c20 sp=0x000000000a75e7b0
Event: 2.861 Thread 0x0000000009f6d000 DEOPT UNPACKING pc=0x00000000026475a4 sp=0x000000000a75e758 mode 2


Dynamic libraries:
0x00007ff6fffb0000 - 0x00007ff6fffe3000 	C:\Program Files\Java\jdk1.7.0_65\bin\java.exe
0x00007ffc092c0000 - 0x00007ffc09466000 	C:\Windows\SYSTEM32\ntdll.dll
0x00007ffc06d40000 - 0x00007ffc06e7a000 	C:\Windows\system32\KERNEL32.DLL
0x00007ffc068f0000 - 0x00007ffc069ff000 	C:\Windows\system32\KERNELBASE.dll
0x00007ffc05200000 - 0x00007ffc05288000 	C:\Windows\system32\apphelp.dll
0x00007ffc036a0000 - 0x00007ffc036ef000 	C:\Windows\AppPatch\AppPatch64\AcGenral.DLL
0x00007ffc075a0000 - 0x00007ffc07647000 	C:\Windows\system32\msvcrt.dll
0x00007ffc063d0000 - 0x00007ffc063fb000 	C:\Windows\SYSTEM32\SspiCli.dll
0x00007ffc07830000 - 0x00007ffc07881000 	C:\Windows\system32\SHLWAPI.dll
0x00007ffc06fc0000 - 0x00007ffc07131000 	C:\Windows\system32\USER32.dll
0x00007ffc09140000 - 0x00007ffc092b8000 	C:\Windows\system32\ole32.dll
0x00007ffc07d30000 - 0x00007ffc0913f000 	C:\Windows\system32\SHELL32.dll
0x00007ffc05cb0000 - 0x00007ffc05cce000 	C:\Windows\SYSTEM32\USERENV.dll
0x00007ffc07c80000 - 0x00007ffc07d25000 	C:\Windows\system32\ADVAPI32.dll
0x00007ffbfe400000 - 0x00007ffbfe41b000 	C:\Windows\SYSTEM32\MPR.dll
0x00007ffc06e80000 - 0x00007ffc06fb7000 	C:\Windows\system32\RPCRT4.dll
0x00007ffc06bd0000 - 0x00007ffc06c27000 	C:\Windows\SYSTEM32\sechost.dll
0x00007ffc07a80000 - 0x00007ffc07c56000 	C:\Windows\SYSTEM32\combase.dll
0x00007ffc07270000 - 0x00007ffc073b4000 	C:\Windows\system32\GDI32.dll
0x00007ffc06640000 - 0x00007ffc06654000 	C:\Windows\SYSTEM32\profapi.dll
0x00007ffc04c90000 - 0x00007ffc04d2f000 	C:\Windows\SYSTEM32\SHCORE.dll
0x00007ffc073c0000 - 0x00007ffc073f4000 	C:\Windows\system32\IMM32.DLL
0x00007ffc078a0000 - 0x00007ffc079d9000 	C:\Windows\system32\MSCTF.dll
0x00007ffc065f0000 - 0x00007ffc06621000 	C:\Windows\system32\nvinitx.dll
0x00007ffc065e0000 - 0x00007ffc065ea000 	C:\Windows\SYSTEM32\VERSION.dll
0x00000000724e0000 - 0x00000000724e6000 	C:\Program Files\NVIDIA Corporation\CoProcManager\_etoured.dll
0x00007ffc04420000 - 0x00007ffc04452000 	C:\Program Files\NVIDIA Corporation\CoProcManager\nvd3d9wrapx.dll
0x00007ffc07650000 - 0x00007ffc07824000 	C:\Windows\system32\SETUPAPI.dll
0x00007ffc06b00000 - 0x00007ffc06b4a000 	C:\Windows\system32\CFGMGR32.dll
0x00007ffc04360000 - 0x00007ffc04382000 	C:\Program Files\NVIDIA Corporation\CoProcManager\nvdxgiwrapx.dll
0x00007ffc04800000 - 0x00007ffc04a5a000 	C:\Windows\WinSxS\amd64_microsoft.windows.common-controls_6595b64144ccf1df_6.0.9600.17031_none_6242a4b3ecbb55a1\COMCTL32.dll
0x000000006ff90000 - 0x0000000070062000 	C:\Program Files\Java\jdk1.7.0_65\jre\bin\msvcr100.dll
0x000000006f7b0000 - 0x000000006ff82000 	C:\Program Files\Java\jdk1.7.0_65\jre\bin\server\jvm.dll
0x00007ffbfba10000 - 0x00007ffbfba19000 	C:\Windows\SYSTEM32\WSOCK32.dll
0x00007ffc04340000 - 0x00007ffc0435f000 	C:\Windows\SYSTEM32\WINMM.dll
0x00007ffc06bc0000 - 0x00007ffc06bc7000 	C:\Windows\system32\PSAPI.DLL
0x00007ffc07210000 - 0x00007ffc07268000 	C:\Windows\system32\WS2_32.dll
0x00007ffc04080000 - 0x00007ffc040aa000 	C:\Windows\SYSTEM32\WINMMBASE.dll
0x00007ffc07140000 - 0x00007ffc07149000 	C:\Windows\system32\NSI.dll
0x00007ffc05480000 - 0x00007ffc054a6000 	C:\Windows\SYSTEM32\DEVOBJ.dll
0x000000006f7a0000 - 0x000000006f7af000 	C:\Program Files\Java\jdk1.7.0_65\jre\bin\verify.dll
0x000000006f770000 - 0x000000006f798000 	C:\Program Files\Java\jdk1.7.0_65\jre\bin\java.dll
0x000000006f750000 - 0x000000006f765000 	C:\Program Files\Java\jdk1.7.0_65\jre\bin\zip.dll

VM Arguments:
jvm_args: -Djava.awt.headless=true -Xmx1024M -Dfile.encoding=windows-1251 -Duser.country=RU -Duser.language=ru -Duser.variant 
java_command: com.android.dx.command.Main --dex --force-jumbo --num-threads=4 --output D:\buffer\TimeTable\app\build\intermediates\pre-dexed\debug\main_54b191cafdc23d183819e78d7fd93fbca3f208dc.jar D:\buffer\TimeTable\app\build\intermediates\transforms\instantRun\debug\folders\1\5\main
Launcher Type: SUN_STANDARD

Environment Variables:
PATH=C:\ProgramData\Oracle\Java\javapath;D:\app\игорь\product\11.2.0\client_1;C:\Program Files (x86)\Intel\iCLS Client\;C:\Program Files\Intel\iCLS Client\;C:\Windows\system32;C:\Windows;C:\Windows\System32\Wbem;C:\Windows\System32\WindowsPowerShell\v1.0\;C:\Program Files\Intel\Intel(R) Management Engine Components\DAL;C:\Program Files\Intel\Intel(R) Management Engine Components\IPT;C:\Program Files (x86)\Intel\Intel(R) Management Engine Components\DAL;C:\Program Files (x86)\Intel\Intel(R) Management Engine Components\IPT;C:\Program Files\Microsoft\Web Platform Installer\;C:\Program Files (x86)\Microsoft ASP.NET\ASP.NET Web Pages\v1.0\;C:\Program Files (x86)\Windows Kits\8.0\Windows Performance Toolkit\;C:\Program Files\Microsoft SQL Server\110\Tools\Binn\;C:\Program Files (x86)\NVIDIA Corporation\PhysX\Common;C:\Program Files (x86)\Skype\Phone\;C:\Program Files (x86)\Windows Kits\8.1\Windows Performance Toolkit\;C:\Program Files\Git\cmd;C:\Program Files\TortoiseGit\bin;-Djava.util.logging.config.file=logging.properties 
USERNAME=игорь
OS=Windows_NT
PROCESSOR_IDENTIFIER=Intel64 Family 6 Model 58 Stepping 9, GenuineIntel



---------------  S Y S T E M  ---------------

OS: Windows 8.1 , 64 bit Build 9600 

CPU:total 4 (2 cores per cpu, 2 threads per core) family 6 model 58 stepping 9, cmov, cx8, fxsr, mmx, sse, sse2, sse3, ssse3, sse4.1, sse4.2, popcnt, avx, aes, erms, ht, tsc, tscinvbit, tscinv

Memory: 4k page, physical 4077188k(154604k free), swap 6174340k(5068k free)

vm_info: Java HotSpot(TM) 64-Bit Server VM (24.65-b04) for windows-amd64 JRE (1.7.0_65-b19), built on Jul  9 2014 17:47:07 by "java_re" with unknown MS VC++:1600

time: Tue Apr 11 00:24:51 2017
elapsed time: 3 seconds

