#
# There is insufficient memory for the Java Runtime Environment to continue.
# Native memory allocation (malloc) failed to allocate 608896 bytes for Chunk::new
# Possible reasons:
#   The system is out of physical RAM or swap space
#   In 32 bit mode, the process size limit was hit
# Possible solutions:
#   Reduce memory load on the system
#   Increase physical memory or swap space
#   Check if swap backing store is full
#   Use 64 bit Java on a 64 bit OS
#   Decrease Java heap size (-Xmx/-Xms)
#   Decrease number of Java threads
#   Decrease Java thread stack sizes (-Xss)
#   Set larger code cache with -XX:ReservedCodeCacheSize=
# This output file may be truncated or incomplete.
#
#  Out of Memory Error (allocation.cpp:323), pid=6820, tid=4804
#
# JRE version: Java(TM) SE Runtime Environment (7.0_65-b19) (build 1.7.0_65-b19)
# Java VM: Java HotSpot(TM) 64-Bit Server VM (24.65-b04 mixed mode windows-amd64 compressed oops)
# Failed to write core dump. Minidumps are not enabled by default on client versions of Windows
#

---------------  T H R E A D  ---------------

Current thread (0x00000000087cf000):  JavaThread "C2 CompilerThread1" daemon [_thread_in_native, id=4804, stack(0x0000000009e30000,0x0000000009f30000)]

Stack: [0x0000000009e30000,0x0000000009f30000]

Current CompileTask:
C2:   3775  235             com.android.dx.ssa.SCCP::simulateBlock (54 bytes)


---------------  P R O C E S S  ---------------

Java Threads: ( => current thread )
  0x000000000a272800 JavaThread "pool-1-thread-4" [_thread_in_Java, id=5400, stack(0x000000000a930000,0x000000000aa30000)]
  0x000000000a2c1000 JavaThread "pool-1-thread-3" [_thread_in_Java, id=4444, stack(0x000000000a830000,0x000000000a930000)]
  0x000000000a2c0800 JavaThread "pool-1-thread-2" [_thread_in_Java, id=5868, stack(0x000000000a730000,0x000000000a830000)]
  0x000000000a31d000 JavaThread "pool-2-thread-1" [_thread_blocked, id=5268, stack(0x000000000a630000,0x000000000a730000)]
  0x000000000a1cc000 JavaThread "pool-1-thread-1" [_thread_in_Java, id=3200, stack(0x000000000a530000,0x000000000a630000)]
  0x00000000087d5800 JavaThread "Service Thread" daemon [_thread_blocked, id=5640, stack(0x0000000009f30000,0x000000000a030000)]
=>0x00000000087cf000 JavaThread "C2 CompilerThread1" daemon [_thread_in_native, id=4804, stack(0x0000000009e30000,0x0000000009f30000)]
  0x00000000087cd000 JavaThread "C2 CompilerThread0" daemon [_thread_in_native, id=6340, stack(0x0000000009d30000,0x0000000009e30000)]
  0x00000000087cc000 JavaThread "Attach Listener" daemon [_thread_blocked, id=4904, stack(0x0000000009c30000,0x0000000009d30000)]
  0x00000000087c9000 JavaThread "Signal Dispatcher" daemon [_thread_blocked, id=5800, stack(0x0000000009b30000,0x0000000009c30000)]
  0x000000000878e800 JavaThread "Finalizer" daemon [_thread_blocked, id=1112, stack(0x0000000009a30000,0x0000000009b30000)]
  0x0000000008785800 JavaThread "Reference Handler" daemon [_thread_blocked, id=5688, stack(0x0000000009930000,0x0000000009a30000)]
  0x000000000282d800 JavaThread "main" [_thread_in_vm, id=3928, stack(0x00000000026a0000,0x00000000027a0000)]

Other Threads:
  0x0000000008781800 VMThread [stack: 0x0000000009830000,0x0000000009930000] [id=5092]
  0x00000000087e3800 WatcherThread [stack: 0x000000000a030000,0x000000000a130000] [id=6928]

VM state:not at safepoint (normal execution)

VM Mutex/Monitor currently owned by a thread: None

Heap
 PSYoungGen      total 18944K, used 9483K [0x00000000eaa80000, 0x00000000ecf80000, 0x0000000100000000)
  eden space 16384K, 42% used [0x00000000eaa80000,0x00000000eb1484b8,0x00000000eba80000)
  from space 2560K, 99% used [0x00000000ebd00000,0x00000000ebf7aaa8,0x00000000ebf80000)
  to   space 2560K, 0% used [0x00000000eba80000,0x00000000eba80000,0x00000000ebd00000)
 ParOldGen       total 42496K, used 2599K [0x00000000c0000000, 0x00000000c2980000, 0x00000000eaa80000)
  object space 42496K, 6% used [0x00000000c0000000,0x00000000c0289d58,0x00000000c2980000)
 PSPermGen       total 21504K, used 5789K [0x00000000bae00000, 0x00000000bc300000, 0x00000000c0000000)
  object space 21504K, 26% used [0x00000000bae00000,0x00000000bb3a76f0,0x00000000bc300000)

Card table byte_map: [0x00000000059f0000,0x0000000005c20000] byte_map_base: 0x0000000005419000

Polling page: 0x0000000000a10000

Code Cache  [0x0000000002930000, 0x0000000002ba0000, 0x0000000005930000)
 total_blobs=470 nmethods=233 adapters=189 free_code_cache=48267Kb largest_free_block=49393408

Compilation events (10 events):
Event: 3.717 Thread 0x00000000087cf000 nmethod 230 0x0000000002a10190 code [0x0000000002a10420, 0x0000000002a119a0]
Event: 3.717 Thread 0x00000000087cf000  231             com.android.dx.rop.code.Rop::isCallLike (5 bytes)
Event: 3.717 Thread 0x00000000087cf000 nmethod 231 0x0000000002a0ff90 code [0x0000000002a100c0, 0x0000000002a10118]
Event: 3.717 Thread 0x00000000087cf000  232             com.android.dx.util.IntList::indexOf (16 bytes)
Event: 3.720 Thread 0x00000000087cf000 nmethod 232 0x0000000002a0e210 code [0x0000000002a0e360, 0x0000000002a0e518]
Event: 3.720 Thread 0x00000000087cf000  233             com.android.dx.ssa.SsaRenamer::access$000 (5 bytes)
Event: 3.721 Thread 0x00000000087cf000 nmethod 233 0x0000000002a0e010 code [0x0000000002a0e140, 0x0000000002a0e198]
Event: 3.721 Thread 0x00000000087cf000  234             com.android.dx.ssa.SsaMethod::buildUseList (112 bytes)
Event: 3.734 Thread 0x00000000087cf000 nmethod 234 0x0000000002a034d0 code [0x0000000002a036a0, 0x0000000002a03e88]
Event: 3.734 Thread 0x00000000087cf000  235             com.android.dx.ssa.SCCP::simulateBlock (54 bytes)

GC Heap History (4 events):
Event: 2.945 GC heap before
{Heap before GC invocations=1 (full 0):
 PSYoungGen      total 18944K, used 16384K [0x00000000eaa80000, 0x00000000ebf80000, 0x0000000100000000)
  eden space 16384K, 100% used [0x00000000eaa80000,0x00000000eba80000,0x00000000eba80000)
  from space 2560K, 0% used [0x00000000ebd00000,0x00000000ebd00000,0x00000000ebf80000)
  to   space 2560K, 0% used [0x00000000eba80000,0x00000000eba80000,0x00000000ebd00000)
 ParOldGen       total 42496K, used 0K [0x00000000c0000000, 0x00000000c2980000, 0x00000000eaa80000)
  object space 42496K, 0% used [0x00000000c0000000,0x00000000c0000000,0x00000000c2980000)
 PSPermGen       total 21504K, used 5520K [0x00000000bae00000, 0x00000000bc300000, 0x00000000c0000000)
  object space 21504K, 25% used [0x00000000bae00000,0x00000000bb364058,0x00000000bc300000)
Event: 2.950 GC heap after
Heap after GC invocations=1 (full 0):
 PSYoungGen      total 18944K, used 2548K [0x00000000eaa80000, 0x00000000ebf80000, 0x0000000100000000)
  eden space 16384K, 0% used [0x00000000eaa80000,0x00000000eaa80000,0x00000000eba80000)
  from space 2560K, 99% used [0x00000000eba80000,0x00000000ebcfd298,0x00000000ebd00000)
  to   space 2560K, 0% used [0x00000000ebd00000,0x00000000ebd00000,0x00000000ebf80000)
 ParOldGen       total 42496K, used 624K [0x00000000c0000000, 0x00000000c2980000, 0x00000000eaa80000)
  object space 42496K, 1% used [0x00000000c0000000,0x00000000c009c200,0x00000000c2980000)
 PSPermGen       total 21504K, used 5520K [0x00000000bae00000, 0x00000000bc300000, 0x00000000c0000000)
  object space 21504K, 25% used [0x00000000bae00000,0x00000000bb364058,0x00000000bc300000)
}
Event: 3.498 GC heap before
{Heap before GC invocations=2 (full 0):
 PSYoungGen      total 18944K, used 18932K [0x00000000eaa80000, 0x00000000ebf80000, 0x0000000100000000)
  eden space 16384K, 100% used [0x00000000eaa80000,0x00000000eba80000,0x00000000eba80000)
  from space 2560K, 99% used [0x00000000eba80000,0x00000000ebcfd298,0x00000000ebd00000)
  to   space 2560K, 0% used [0x00000000ebd00000,0x00000000ebd00000,0x00000000ebf80000)
 ParOldGen       total 42496K, used 624K [0x00000000c0000000, 0x00000000c2980000, 0x00000000eaa80000)
  object space 42496K, 1% used [0x00000000c0000000,0x00000000c009c200,0x00000000c2980000)
 PSPermGen       total 21504K, used 5744K [0x00000000bae00000, 0x00000000bc300000, 0x00000000c0000000)
  object space 21504K, 26% used [0x00000000bae00000,0x00000000bb39c3c0,0x00000000bc300000)
Event: 3.510 GC heap after
Heap after GC invocations=2 (full 0):
 PSYoungGen      total 18944K, used 2538K [0x00000000eaa80000, 0x00000000ecf80000, 0x0000000100000000)
  eden space 16384K, 0% used [0x00000000eaa80000,0x00000000eaa80000,0x00000000eba80000)
  from space 2560K, 99% used [0x00000000ebd00000,0x00000000ebf7aaa8,0x00000000ebf80000)
  to   space 2560K, 0% used [0x00000000eba80000,0x00000000eba80000,0x00000000ebd00000)
 ParOldGen       total 42496K, used 2599K [0x00000000c0000000, 0x00000000c2980000, 0x00000000eaa80000)
  object space 42496K, 6% used [0x00000000c0000000,0x00000000c0289d58,0x00000000c2980000)
 PSPermGen       total 21504K, used 5744K [0x00000000bae00000, 0x00000000bc300000, 0x00000000c0000000)
  object space 21504K, 26% used [0x00000000bae00000,0x00000000bb39c3c0,0x00000000bc300000)
}

Deoptimization events (4 events):
Event: 3.048 Thread 0x000000000a2c0800 Uncommon trap: reason=null_check action=make_not_entrant pc=0x00000000029bee0c method=com.android.dx.rop.code.LocalItem.equals(Ljava/lang/Object;)Z @ 1
Event: 3.114 Thread 0x000000000a1cc000 Uncommon trap: reason=unreached action=reinterpret pc=0x00000000029b1b44 method=com.android.dx.rop.cst.Constant.compareTo(Lcom/android/dx/rop/cst/Constant;)I @ 12
Event: 3.539 Thread 0x000000000a2c1000 Uncommon trap: reason=null_check action=make_not_entrant pc=0x00000000029db990 method=com.android.dx.rop.type.Type.equals(Ljava/lang/Object;)Z @ 8
Event: 3.564 Thread 0x000000000a1cc000 Uncommon trap: reason=null_check action=make_not_entrant pc=0x00000000029ee02c method=com.android.dx.ssa.SsaRenamer.getLocalForNewReg(I)Lcom/android/dx/rop/code/LocalItem; @ 19

Internal exceptions (10 events):
Event: 2.831 Thread 0x000000000282d800 Threw 0x00000000eb886610 at C:\re\jdk7u65\1313\hotspot\src\share\vm\prims\jvm.cpp:1244
Event: 2.846 Thread 0x000000000a2c0800 Threw 0x00000000eb72ee20 at C:\re\jdk7u65\1313\hotspot\src\share\vm\prims\jvm.cpp:1244
Event: 2.877 Thread 0x000000000a2c1000 Threw 0x00000000eb646488 at C:\re\jdk7u65\1313\hotspot\src\share\vm\prims\jvm.cpp:1244
Event: 2.884 Thread 0x000000000a2c1000 Threw 0x00000000eb64df78 at C:\re\jdk7u65\1313\hotspot\src\share\vm\prims\jvm.cpp:1244
Event: 2.985 Thread 0x000000000282d800 Threw 0x00000000eab86c30 at C:\re\jdk7u65\1313\hotspot\src\share\vm\prims\jvm.cpp:1244
Event: 3.034 Thread 0x000000000a2c0800 Threw 0x00000000eacfe020 at C:\re\jdk7u65\1313\hotspot\src\share\vm\prims\jvm.cpp:1244
Event: 3.048 Thread 0x000000000a2c0800 Implicit null exception at 0x00000000029bea98 to 0x00000000029bedf9
Event: 3.539 Thread 0x000000000a2c1000 Implicit null exception at 0x00000000029db892 to 0x00000000029db982
Event: 3.564 Thread 0x000000000a1cc000 Implicit null exception at 0x00000000029ece00 to 0x00000000029edffd
Event: 3.767 Thread 0x000000000282d800 Threw 0x00000000eb0e4820 at C:\re\jdk7u65\1313\hotspot\src\share\vm\prims\jvm.cpp:1244

Events (10 events):
Event: 3.470 Executing VM operation: ParallelGCFailedAllocation
Event: 3.510 Executing VM operation: ParallelGCFailedAllocation done
Event: 3.539 Thread 0x000000000a2c1000 Uncommon trap: trap_request=0xfffffff4 fr.pc=0x00000000029db990
Event: 3.539 Thread 0x000000000a2c1000 DEOPT PACKING pc=0x00000000029db990 sp=0x000000000a92e5f0
Event: 3.539 Thread 0x000000000a2c1000 DEOPT UNPACKING pc=0x00000000029675a4 sp=0x000000000a92e588 mode 2
Event: 3.564 Thread 0x000000000a1cc000 Uncommon trap: trap_request=0xfffffff4 fr.pc=0x00000000029ee02c
Event: 3.564 Thread 0x000000000a1cc000 DEOPT PACKING pc=0x00000000029ee02c sp=0x000000000a62eb90
Event: 3.564 Thread 0x000000000a1cc000 DEOPT UNPACKING pc=0x00000000029675a4 sp=0x000000000a62e928 mode 2
Event: 3.767 loading class 0x0000000008805eb0
Event: 3.767 loading class 0x0000000008805eb0 done


Dynamic libraries:
0x00007ff6fffb0000 - 0x00007ff6fffe3000 	C:\Program Files\Java\jdk1.7.0_65\bin\java.exe
0x00007ffc092c0000 - 0x00007ffc09466000 	C:\Windows\SYSTEM32\ntdll.dll
0x00007ffc06d40000 - 0x00007ffc06e7a000 	C:\Windows\system32\KERNEL32.DLL
0x00007ffc068f0000 - 0x00007ffc069ff000 	C:\Windows\system32\KERNELBASE.dll
0x00007ffc05200000 - 0x00007ffc05288000 	C:\Windows\system32\apphelp.dll
0x00007ffc036a0000 - 0x00007ffc036ef000 	C:\Windows\AppPatch\AppPatch64\AcGenral.DLL
0x00007ffc075a0000 - 0x00007ffc07647000 	C:\Windows\system32\msvcrt.dll
0x00007ffc063d0000 - 0x00007ffc063fb000 	C:\Windows\SYSTEM32\SspiCli.dll
0x00007ffc07830000 - 0x00007ffc07881000 	C:\Windows\system32\SHLWAPI.dll
0x00007ffc06fc0000 - 0x00007ffc07131000 	C:\Windows\system32\USER32.dll
0x00007ffc09140000 - 0x00007ffc092b8000 	C:\Windows\system32\ole32.dll
0x00007ffc07d30000 - 0x00007ffc0913f000 	C:\Windows\system32\SHELL32.dll
0x00007ffc05cb0000 - 0x00007ffc05cce000 	C:\Windows\SYSTEM32\USERENV.dll
0x00007ffc07c80000 - 0x00007ffc07d25000 	C:\Windows\system32\ADVAPI32.dll
0x00007ffbfe400000 - 0x00007ffbfe41b000 	C:\Windows\SYSTEM32\MPR.dll
0x00007ffc06e80000 - 0x00007ffc06fb7000 	C:\Windows\system32\RPCRT4.dll
0x00007ffc06bd0000 - 0x00007ffc06c27000 	C:\Windows\SYSTEM32\sechost.dll
0x00007ffc07a80000 - 0x00007ffc07c56000 	C:\Windows\SYSTEM32\combase.dll
0x00007ffc07270000 - 0x00007ffc073b4000 	C:\Windows\system32\GDI32.dll
0x00007ffc06640000 - 0x00007ffc06654000 	C:\Windows\SYSTEM32\profapi.dll
0x00007ffc04c90000 - 0x00007ffc04d2f000 	C:\Windows\SYSTEM32\SHCORE.dll
0x00007ffc073c0000 - 0x00007ffc073f4000 	C:\Windows\system32\IMM32.DLL
0x00007ffc078a0000 - 0x00007ffc079d9000 	C:\Windows\system32\MSCTF.dll
0x00007ffc065f0000 - 0x00007ffc06621000 	C:\Windows\system32\nvinitx.dll
0x00007ffc065e0000 - 0x00007ffc065ea000 	C:\Windows\SYSTEM32\VERSION.dll
0x00000000724e0000 - 0x00000000724e6000 	C:\Program Files\NVIDIA Corporation\CoProcManager\_etoured.dll
0x00007ffc04420000 - 0x00007ffc04452000 	C:\Program Files\NVIDIA Corporation\CoProcManager\nvd3d9wrapx.dll
0x00007ffc07650000 - 0x00007ffc07824000 	C:\Windows\system32\SETUPAPI.dll
0x00007ffc06b00000 - 0x00007ffc06b4a000 	C:\Windows\system32\CFGMGR32.dll
0x00007ffc04360000 - 0x00007ffc04382000 	C:\Program Files\NVIDIA Corporation\CoProcManager\nvdxgiwrapx.dll
0x00007ffc04800000 - 0x00007ffc04a5a000 	C:\Windows\WinSxS\amd64_microsoft.windows.common-controls_6595b64144ccf1df_6.0.9600.17031_none_6242a4b3ecbb55a1\COMCTL32.dll
0x000000006ff90000 - 0x0000000070062000 	C:\Program Files\Java\jdk1.7.0_65\jre\bin\msvcr100.dll
0x000000006f7b0000 - 0x000000006ff82000 	C:\Program Files\Java\jdk1.7.0_65\jre\bin\server\jvm.dll
0x00007ffbfba10000 - 0x00007ffbfba19000 	C:\Windows\SYSTEM32\WSOCK32.dll
0x00007ffc04340000 - 0x00007ffc0435f000 	C:\Windows\SYSTEM32\WINMM.dll
0x00007ffc06bc0000 - 0x00007ffc06bc7000 	C:\Windows\system32\PSAPI.DLL
0x00007ffc07210000 - 0x00007ffc07268000 	C:\Windows\system32\WS2_32.dll
0x00007ffc04080000 - 0x00007ffc040aa000 	C:\Windows\SYSTEM32\WINMMBASE.dll
0x00007ffc07140000 - 0x00007ffc07149000 	C:\Windows\system32\NSI.dll
0x00007ffc05480000 - 0x00007ffc054a6000 	C:\Windows\SYSTEM32\DEVOBJ.dll
0x000000006f7a0000 - 0x000000006f7af000 	C:\Program Files\Java\jdk1.7.0_65\jre\bin\verify.dll
0x000000006f770000 - 0x000000006f798000 	C:\Program Files\Java\jdk1.7.0_65\jre\bin\java.dll
0x000000006f750000 - 0x000000006f765000 	C:\Program Files\Java\jdk1.7.0_65\jre\bin\zip.dll
0x000000006f730000 - 0x000000006f749000 	C:\Program Files\Java\jdk1.7.0_65\jre\bin\net.dll
0x00007ffc05e50000 - 0x00007ffc05ea8000 	C:\Windows\system32\mswsock.dll
0x000000006f710000 - 0x000000006f721000 	C:\Program Files\Java\jdk1.7.0_65\jre\bin\nio.dll

VM Arguments:
jvm_args: -Djava.awt.headless=true -Xmx1024M -Dfile.encoding=windows-1251 -Duser.country=RU -Duser.language=ru -Duser.variant 
java_command: com.android.dx.command.Main --dex --force-jumbo --num-threads=4 --output D:\buffer\TimeTable\app\build\intermediates\pre-dexed\debug\internal_impl-23.3.0_6c0f6eb438fcf0ecbec467c6ba5a25a92985234d.jar D:\buffer\TimeTable\app\build\intermediates\exploded-aar\com.android.support\support-v4\23.3.0\jars\libs\internal_impl-23.3.0.jar
Launcher Type: SUN_STANDARD

Environment Variables:
PATH=C:\ProgramData\Oracle\Java\javapath;D:\app\игорь\product\11.2.0\client_1;C:\Program Files (x86)\Intel\iCLS Client\;C:\Program Files\Intel\iCLS Client\;C:\Windows\system32;C:\Windows;C:\Windows\System32\Wbem;C:\Windows\System32\WindowsPowerShell\v1.0\;C:\Program Files\Intel\Intel(R) Management Engine Components\DAL;C:\Program Files\Intel\Intel(R) Management Engine Components\IPT;C:\Program Files (x86)\Intel\Intel(R) Management Engine Components\DAL;C:\Program Files (x86)\Intel\Intel(R) Management Engine Components\IPT;C:\Program Files\Microsoft\Web Platform Installer\;C:\Program Files (x86)\Microsoft ASP.NET\ASP.NET Web Pages\v1.0\;C:\Program Files (x86)\Windows Kits\8.0\Windows Performance Toolkit\;C:\Program Files\Microsoft SQL Server\110\Tools\Binn\;C:\Program Files (x86)\NVIDIA Corporation\PhysX\Common;C:\Program Files (x86)\Skype\Phone\;C:\Program Files (x86)\Windows Kits\8.1\Windows Performance Toolkit\;C:\Program Files\Git\cmd;C:\Program Files\TortoiseGit\bin;-Djava.util.logging.config.file=logging.properties 
USERNAME=игорь
OS=Windows_NT
PROCESSOR_IDENTIFIER=Intel64 Family 6 Model 58 Stepping 9, GenuineIntel



---------------  S Y S T E M  ---------------

OS: Windows 8.1 , 64 bit Build 9600 

CPU:total 4 (2 cores per cpu, 2 threads per core) family 6 model 58 stepping 9, cmov, cx8, fxsr, mmx, sse, sse2, sse3, ssse3, sse4.1, sse4.2, popcnt, avx, aes, erms, ht, tsc, tscinvbit, tscinv

Memory: 4k page, physical 4077188k(266780k free), swap 6174340k(5364k free)

vm_info: Java HotSpot(TM) 64-Bit Server VM (24.65-b04) for windows-amd64 JRE (1.7.0_65-b19), built on Jul  9 2014 17:47:07 by "java_re" with unknown MS VC++:1600

time: Tue Apr 11 00:27:34 2017
elapsed time: 3 seconds

