#
# There is insufficient memory for the Java Runtime Environment to continue.
# Native memory allocation (malloc) failed to allocate 209376 bytes for Chunk::new
# Possible reasons:
#   The system is out of physical RAM or swap space
#   In 32 bit mode, the process size limit was hit
# Possible solutions:
#   Reduce memory load on the system
#   Increase physical memory or swap space
#   Check if swap backing store is full
#   Use 64 bit Java on a 64 bit OS
#   Decrease Java heap size (-Xmx/-Xms)
#   Decrease number of Java threads
#   Decrease Java thread stack sizes (-Xss)
#   Set larger code cache with -XX:ReservedCodeCacheSize=
# This output file may be truncated or incomplete.
#
#  Out of Memory Error (allocation.cpp:323), pid=4280, tid=5592
#
# JRE version: Java(TM) SE Runtime Environment (7.0_65-b19) (build 1.7.0_65-b19)
# Java VM: Java HotSpot(TM) 64-Bit Server VM (24.65-b04 mixed mode windows-amd64 compressed oops)
# Failed to write core dump. Minidumps are not enabled by default on client versions of Windows
#

---------------  T H R E A D  ---------------

Current thread (0x000000000840f000):  JavaThread "C2 CompilerThread1" daemon [_thread_in_native, id=5592, stack(0x0000000009a90000,0x0000000009b90000)]

Stack: [0x0000000009a90000,0x0000000009b90000]

Current CompileTask:
C2:    664   56             com.android.dx.ssa.SsaBasicBlock::forEachInsn (37 bytes)


---------------  P R O C E S S  ---------------

Java Threads: ( => current thread )
  0x0000000009e7a800 JavaThread "pool-1-thread-4" [_thread_in_Java, id=3008, stack(0x000000000a590000,0x000000000a690000)]
  0x0000000009e7b800 JavaThread "pool-1-thread-3" [_thread_in_vm, id=6288, stack(0x000000000a490000,0x000000000a590000)]
  0x0000000009ed1800 JavaThread "pool-1-thread-2" [_thread_in_Java, id=3616, stack(0x000000000a390000,0x000000000a490000)]
  0x0000000009ed0800 JavaThread "pool-2-thread-1" [_thread_blocked, id=4364, stack(0x000000000a290000,0x000000000a390000)]
  0x0000000009e17000 JavaThread "pool-1-thread-1" [_thread_in_Java, id=5756, stack(0x000000000a190000,0x000000000a290000)]
  0x0000000008415800 JavaThread "Service Thread" daemon [_thread_blocked, id=4320, stack(0x0000000009b90000,0x0000000009c90000)]
=>0x000000000840f000 JavaThread "C2 CompilerThread1" daemon [_thread_in_native, id=5592, stack(0x0000000009a90000,0x0000000009b90000)]
  0x0000000008405000 JavaThread "C2 CompilerThread0" daemon [_thread_in_native, id=2508, stack(0x0000000009990000,0x0000000009a90000)]
  0x0000000008404000 JavaThread "Attach Listener" daemon [_thread_blocked, id=6736, stack(0x0000000009890000,0x0000000009990000)]
  0x0000000008400800 JavaThread "Signal Dispatcher" daemon [_thread_blocked, id=1996, stack(0x0000000009790000,0x0000000009890000)]
  0x00000000083ce800 JavaThread "Finalizer" daemon [_thread_blocked, id=5736, stack(0x0000000009690000,0x0000000009790000)]
  0x00000000083c5800 JavaThread "Reference Handler" daemon [_thread_blocked, id=4508, stack(0x0000000009590000,0x0000000009690000)]
  0x00000000007dd800 JavaThread "main" [_thread_blocked, id=5208, stack(0x0000000002430000,0x0000000002530000)]

Other Threads:
  0x00000000083c1800 VMThread [stack: 0x0000000009490000,0x0000000009590000] [id=6916]
  0x0000000008423800 WatcherThread [stack: 0x0000000009c90000,0x0000000009d90000] [id=5292]

VM state:not at safepoint (normal execution)

VM Mutex/Monitor currently owned by a thread: None

Heap
 PSYoungGen      total 18944K, used 11514K [0x00000000eaa80000, 0x00000000ebf80000, 0x0000000100000000)
  eden space 16384K, 70% used [0x00000000eaa80000,0x00000000eb5beb68,0x00000000eba80000)
  from space 2560K, 0% used [0x00000000ebd00000,0x00000000ebd00000,0x00000000ebf80000)
  to   space 2560K, 0% used [0x00000000eba80000,0x00000000eba80000,0x00000000ebd00000)
 ParOldGen       total 42496K, used 0K [0x00000000c0000000, 0x00000000c2980000, 0x00000000eaa80000)
  object space 42496K, 0% used [0x00000000c0000000,0x00000000c0000000,0x00000000c2980000)
 PSPermGen       total 21504K, used 5586K [0x00000000bae00000, 0x00000000bc300000, 0x00000000c0000000)
  object space 21504K, 25% used [0x00000000bae00000,0x00000000bb3748d0,0x00000000bc300000)

Card table byte_map: [0x0000000005630000,0x0000000005860000] byte_map_base: 0x0000000005059000

Polling page: 0x00000000007a0000

Code Cache  [0x0000000002630000, 0x00000000028a0000, 0x0000000005630000)
 total_blobs=295 nmethods=58 adapters=189 free_code_cache=48680Kb largest_free_block=49835840

Compilation events (10 events):
Event: 0.655 Thread 0x000000000840f000 nmethod 54 0x00000000026a6690 code [0x00000000026a67e0, 0x00000000026a68f8]
Event: 0.655 Thread 0x000000000840f000   56             com.android.dx.ssa.SsaBasicBlock::forEachInsn (37 bytes)
Event: 0.657 Thread 0x0000000008405000 nmethod 55 0x00000000026a6050 code [0x00000000026a61a0, 0x00000000026a64d8]
Event: 0.657 Thread 0x0000000008405000   57             com.android.dx.rop.type.Type::getType (2 bytes)
Event: 0.658 Thread 0x0000000008405000 nmethod 57 0x00000000026a4490 code [0x00000000026a45c0, 0x00000000026a4618]
Event: 0.658 Thread 0x0000000008405000   58             com.android.dx.cf.code.Ropper::labelToResultIndex (47 bytes)
Event: 0.662 Thread 0x0000000008405000 nmethod 58 0x00000000026a8b90 code [0x00000000026a8ce0, 0x00000000026a8f58]
Event: 0.662 Thread 0x0000000008405000   59             com.android.dx.util.MutabilityControl::<init> (10 bytes)
Event: 0.662 Thread 0x0000000008405000 nmethod 59 0x00000000026a7250 code [0x00000000026a7380, 0x00000000026a73d8]
Event: 0.662 Thread 0x0000000008405000   60             java.util.HashMap::get (29 bytes)

GC Heap History (0 events):
No events

Deoptimization events (0 events):
No events

Internal exceptions (10 events):
Event: 0.564 Thread 0x0000000009e17000 Threw 0x00000000eb32ce98 at C:\re\jdk7u65\1313\hotspot\src\share\vm\prims\jvm.cpp:1244
Event: 0.565 Thread 0x0000000009e17000 Threw 0x00000000eb335708 at C:\re\jdk7u65\1313\hotspot\src\share\vm\prims\jvm.cpp:1244
Event: 0.566 Thread 0x0000000009e17000 Threw 0x00000000eb33a658 at C:\re\jdk7u65\1313\hotspot\src\share\vm\prims\jvm.cpp:1244
Event: 0.567 Thread 0x0000000009e17000 Threw 0x00000000eb33db18 at C:\re\jdk7u65\1313\hotspot\src\share\vm\prims\jvm.cpp:1244
Event: 0.579 Thread 0x0000000009e7a800 Threw 0x00000000eb0fa260 at C:\re\jdk7u65\1313\hotspot\src\share\vm\prims\jvm.cpp:1244
Event: 0.597 Thread 0x0000000009e7b800 Threw 0x00000000eb47d860 at C:\re\jdk7u65\1313\hotspot\src\share\vm\prims\jvm.cpp:1244
Event: 0.637 Thread 0x0000000009ed1800 Threw 0x00000000eb413bb8 at C:\re\jdk7u65\1313\hotspot\src\share\vm\prims\jvm.cpp:1244
Event: 0.657 Thread 0x0000000009e17000 Threw 0x00000000eb574180 at C:\re\jdk7u65\1313\hotspot\src\share\vm\prims\jvm.cpp:1244
Event: 0.658 Thread 0x0000000009e17000 Threw 0x00000000eb579788 at C:\re\jdk7u65\1313\hotspot\src\share\vm\prims\jvm.cpp:1244
Event: 0.659 Thread 0x0000000009e17000 Threw 0x00000000eb57eb30 at C:\re\jdk7u65\1313\hotspot\src\share\vm\prims\jvm.cpp:1244

Events (10 events):
Event: 0.637 loading class 0x0000000009e5d690
Event: 0.637 loading class 0x0000000009e5d690 done
Event: 0.650 loading class 0x00000000025ab7f0
Event: 0.650 loading class 0x00000000025ab7f0 done
Event: 0.657 loading class 0x0000000009ec6600
Event: 0.657 loading class 0x0000000009ec6600 done
Event: 0.658 loading class 0x000000000a065a30
Event: 0.658 loading class 0x000000000a065a30 done
Event: 0.659 loading class 0x000000000a065db0
Event: 0.659 loading class 0x000000000a065db0 done


Dynamic libraries:
0x00007ff6fffb0000 - 0x00007ff6fffe3000 	C:\Program Files\Java\jdk1.7.0_65\bin\java.exe
0x00007ffc092c0000 - 0x00007ffc09466000 	C:\Windows\SYSTEM32\ntdll.dll
0x00007ffc06d40000 - 0x00007ffc06e7a000 	C:\Windows\system32\KERNEL32.DLL
0x00007ffc068f0000 - 0x00007ffc069ff000 	C:\Windows\system32\KERNELBASE.dll
0x00007ffc05200000 - 0x00007ffc05288000 	C:\Windows\system32\apphelp.dll
0x00007ffc036a0000 - 0x00007ffc036ef000 	C:\Windows\AppPatch\AppPatch64\AcGenral.DLL
0x00007ffc075a0000 - 0x00007ffc07647000 	C:\Windows\system32\msvcrt.dll
0x00007ffc063d0000 - 0x00007ffc063fb000 	C:\Windows\SYSTEM32\SspiCli.dll
0x00007ffc07830000 - 0x00007ffc07881000 	C:\Windows\system32\SHLWAPI.dll
0x00007ffc06fc0000 - 0x00007ffc07131000 	C:\Windows\system32\USER32.dll
0x00007ffc09140000 - 0x00007ffc092b8000 	C:\Windows\system32\ole32.dll
0x00007ffc07d30000 - 0x00007ffc0913f000 	C:\Windows\system32\SHELL32.dll
0x00007ffc05cb0000 - 0x00007ffc05cce000 	C:\Windows\SYSTEM32\USERENV.dll
0x00007ffc07c80000 - 0x00007ffc07d25000 	C:\Windows\system32\ADVAPI32.dll
0x00007ffbfe400000 - 0x00007ffbfe41b000 	C:\Windows\SYSTEM32\MPR.dll
0x00007ffc06e80000 - 0x00007ffc06fb7000 	C:\Windows\system32\RPCRT4.dll
0x00007ffc06bd0000 - 0x00007ffc06c27000 	C:\Windows\SYSTEM32\sechost.dll
0x00007ffc07a80000 - 0x00007ffc07c56000 	C:\Windows\SYSTEM32\combase.dll
0x00007ffc07270000 - 0x00007ffc073b4000 	C:\Windows\system32\GDI32.dll
0x00007ffc06640000 - 0x00007ffc06654000 	C:\Windows\SYSTEM32\profapi.dll
0x00007ffc04c90000 - 0x00007ffc04d2f000 	C:\Windows\SYSTEM32\SHCORE.dll
0x00007ffc073c0000 - 0x00007ffc073f4000 	C:\Windows\system32\IMM32.DLL
0x00007ffc078a0000 - 0x00007ffc079d9000 	C:\Windows\system32\MSCTF.dll
0x00007ffc065f0000 - 0x00007ffc06621000 	C:\Windows\system32\nvinitx.dll
0x00007ffc065e0000 - 0x00007ffc065ea000 	C:\Windows\SYSTEM32\VERSION.dll
0x00000000724e0000 - 0x00000000724e6000 	C:\Program Files\NVIDIA Corporation\CoProcManager\_etoured.dll
0x00007ffc04420000 - 0x00007ffc04452000 	C:\Program Files\NVIDIA Corporation\CoProcManager\nvd3d9wrapx.dll
0x00007ffc07650000 - 0x00007ffc07824000 	C:\Windows\system32\SETUPAPI.dll
0x00007ffc06b00000 - 0x00007ffc06b4a000 	C:\Windows\system32\CFGMGR32.dll
0x00007ffc04360000 - 0x00007ffc04382000 	C:\Program Files\NVIDIA Corporation\CoProcManager\nvdxgiwrapx.dll
0x00007ffc04800000 - 0x00007ffc04a5a000 	C:\Windows\WinSxS\amd64_microsoft.windows.common-controls_6595b64144ccf1df_6.0.9600.17031_none_6242a4b3ecbb55a1\COMCTL32.dll
0x000000006ff90000 - 0x0000000070062000 	C:\Program Files\Java\jdk1.7.0_65\jre\bin\msvcr100.dll
0x000000006f7b0000 - 0x000000006ff82000 	C:\Program Files\Java\jdk1.7.0_65\jre\bin\server\jvm.dll
0x00007ffbfba10000 - 0x00007ffbfba19000 	C:\Windows\SYSTEM32\WSOCK32.dll
0x00007ffc04340000 - 0x00007ffc0435f000 	C:\Windows\SYSTEM32\WINMM.dll
0x00007ffc06bc0000 - 0x00007ffc06bc7000 	C:\Windows\system32\PSAPI.DLL
0x00007ffc07210000 - 0x00007ffc07268000 	C:\Windows\system32\WS2_32.dll
0x00007ffc04080000 - 0x00007ffc040aa000 	C:\Windows\SYSTEM32\WINMMBASE.dll
0x00007ffc07140000 - 0x00007ffc07149000 	C:\Windows\system32\NSI.dll
0x00007ffc05480000 - 0x00007ffc054a6000 	C:\Windows\SYSTEM32\DEVOBJ.dll
0x000000006f7a0000 - 0x000000006f7af000 	C:\Program Files\Java\jdk1.7.0_65\jre\bin\verify.dll
0x000000006f770000 - 0x000000006f798000 	C:\Program Files\Java\jdk1.7.0_65\jre\bin\java.dll
0x000000006f750000 - 0x000000006f765000 	C:\Program Files\Java\jdk1.7.0_65\jre\bin\zip.dll
0x000000006f730000 - 0x000000006f749000 	C:\Program Files\Java\jdk1.7.0_65\jre\bin\net.dll
0x00007ffc05e50000 - 0x00007ffc05ea8000 	C:\Windows\system32\mswsock.dll
0x000000006f710000 - 0x000000006f721000 	C:\Program Files\Java\jdk1.7.0_65\jre\bin\nio.dll

VM Arguments:
jvm_args: -Djava.awt.headless=true -Xmx1024M -Dfile.encoding=windows-1251 -Duser.country=RU -Duser.language=ru -Duser.variant 
java_command: com.android.dx.command.Main --dex --force-jumbo --num-threads=4 --output D:\buffer\TimeTable\app\build\intermediates\pre-dexed\debug\com.android.support-support-vector-drawable-23.3.0_33a5c175f1d7dc854a2d69f2d2fae8db86fd2519.jar D:\buffer\TimeTable\app\build\intermediates\exploded-aar\com.android.support\support-vector-drawable\23.3.0\jars\classes.jar
Launcher Type: SUN_STANDARD

Environment Variables:
PATH=C:\ProgramData\Oracle\Java\javapath;D:\app\игорь\product\11.2.0\client_1;C:\Program Files (x86)\Intel\iCLS Client\;C:\Program Files\Intel\iCLS Client\;C:\Windows\system32;C:\Windows;C:\Windows\System32\Wbem;C:\Windows\System32\WindowsPowerShell\v1.0\;C:\Program Files\Intel\Intel(R) Management Engine Components\DAL;C:\Program Files\Intel\Intel(R) Management Engine Components\IPT;C:\Program Files (x86)\Intel\Intel(R) Management Engine Components\DAL;C:\Program Files (x86)\Intel\Intel(R) Management Engine Components\IPT;C:\Program Files\Microsoft\Web Platform Installer\;C:\Program Files (x86)\Microsoft ASP.NET\ASP.NET Web Pages\v1.0\;C:\Program Files (x86)\Windows Kits\8.0\Windows Performance Toolkit\;C:\Program Files\Microsoft SQL Server\110\Tools\Binn\;C:\Program Files (x86)\NVIDIA Corporation\PhysX\Common;C:\Program Files (x86)\Skype\Phone\;C:\Program Files (x86)\Windows Kits\8.1\Windows Performance Toolkit\;C:\Program Files\Git\cmd;C:\Program Files\TortoiseGit\bin;-Djava.util.logging.config.file=logging.properties 
USERNAME=игорь
OS=Windows_NT
PROCESSOR_IDENTIFIER=Intel64 Family 6 Model 58 Stepping 9, GenuineIntel



---------------  S Y S T E M  ---------------

OS: Windows 8.1 , 64 bit Build 9600 

CPU:total 4 (2 cores per cpu, 2 threads per core) family 6 model 58 stepping 9, cmov, cx8, fxsr, mmx, sse, sse2, sse3, ssse3, sse4.1, sse4.2, popcnt, avx, aes, erms, ht, tsc, tscinvbit, tscinv

Memory: 4k page, physical 4077188k(343852k free), swap 6174340k(4040k free)

vm_info: Java HotSpot(TM) 64-Bit Server VM (24.65-b04) for windows-amd64 JRE (1.7.0_65-b19), built on Jul  9 2014 17:47:07 by "java_re" with unknown MS VC++:1600

time: Tue Apr 11 00:26:49 2017
elapsed time: 0 seconds

