#
# There is insufficient memory for the Java Runtime Environment to continue.
# Native memory allocation (malloc) failed to allocate 296976 bytes for Chunk::new
# Possible reasons:
#   The system is out of physical RAM or swap space
#   In 32 bit mode, the process size limit was hit
# Possible solutions:
#   Reduce memory load on the system
#   Increase physical memory or swap space
#   Check if swap backing store is full
#   Use 64 bit Java on a 64 bit OS
#   Decrease Java heap size (-Xmx/-Xms)
#   Decrease number of Java threads
#   Decrease Java thread stack sizes (-Xss)
#   Set larger code cache with -XX:ReservedCodeCacheSize=
# This output file may be truncated or incomplete.
#
#  Out of Memory Error (allocation.cpp:323), pid=732, tid=6836
#
# JRE version: Java(TM) SE Runtime Environment (7.0_65-b19) (build 1.7.0_65-b19)
# Java VM: Java HotSpot(TM) 64-Bit Server VM (24.65-b04 mixed mode windows-amd64 compressed oops)
# Failed to write core dump. Minidumps are not enabled by default on client versions of Windows
#

---------------  T H R E A D  ---------------

Current thread (0x0000000008585000):  JavaThread "C2 CompilerThread0" daemon [_thread_in_native, id=6836, stack(0x0000000009b00000,0x0000000009c00000)]

Stack: [0x0000000009b00000,0x0000000009c00000]

Current CompileTask:
C2:   2562   95             com.android.dx.ssa.SsaMethod::computeReachability (131 bytes)


---------------  P R O C E S S  ---------------

Java Threads: ( => current thread )
  0x000000000a148000 JavaThread "pool-1-thread-4" [_thread_in_Java, id=3408, stack(0x000000000a700000,0x000000000a800000)]
  0x0000000009f86800 JavaThread "pool-1-thread-3" [_thread_in_Java, id=5384, stack(0x000000000a600000,0x000000000a700000)]
  0x000000000a079000 JavaThread "pool-1-thread-2" [_thread_in_Java, id=7040, stack(0x000000000a500000,0x000000000a600000)]
  0x000000000a094000 JavaThread "pool-2-thread-1" [_thread_blocked, id=5592, stack(0x000000000a400000,0x000000000a500000)]
  0x000000000a060800 JavaThread "pool-1-thread-1" [_thread_in_Java, id=5376, stack(0x000000000a300000,0x000000000a400000)]
  0x000000000858e000 JavaThread "Service Thread" daemon [_thread_blocked, id=6736, stack(0x0000000009d00000,0x0000000009e00000)]
  0x0000000008586800 JavaThread "C2 CompilerThread1" daemon [_thread_blocked, id=5144, stack(0x0000000009c00000,0x0000000009d00000)]
=>0x0000000008585000 JavaThread "C2 CompilerThread0" daemon [_thread_in_native, id=6836, stack(0x0000000009b00000,0x0000000009c00000)]
  0x0000000008584000 JavaThread "Attach Listener" daemon [_thread_blocked, id=7140, stack(0x0000000009a00000,0x0000000009b00000)]
  0x0000000008580800 JavaThread "Signal Dispatcher" daemon [_thread_blocked, id=4592, stack(0x0000000009900000,0x0000000009a00000)]
  0x0000000008549000 JavaThread "Finalizer" daemon [_thread_blocked, id=4640, stack(0x0000000009800000,0x0000000009900000)]
  0x0000000008545800 JavaThread "Reference Handler" daemon [_thread_blocked, id=5340, stack(0x0000000009700000,0x0000000009800000)]
  0x00000000026ad800 JavaThread "main" [_thread_in_vm, id=1768, stack(0x00000000024f0000,0x00000000025f0000)]

Other Threads:
  0x0000000008541800 VMThread [stack: 0x0000000009600000,0x0000000009700000] [id=6336]
  0x00000000085a3800 WatcherThread [stack: 0x0000000009e00000,0x0000000009f00000] [id=6596]

VM state:not at safepoint (normal execution)

VM Mutex/Monitor currently owned by a thread: None

Heap
 PSYoungGen      total 18944K, used 5708K [0x00000000eaa80000, 0x00000000ebf80000, 0x0000000100000000)
  eden space 16384K, 19% used [0x00000000eaa80000,0x00000000ead98c60,0x00000000eba80000)
  from space 2560K, 99% used [0x00000000eba80000,0x00000000ebcfa728,0x00000000ebd00000)
  to   space 2560K, 0% used [0x00000000ebd00000,0x00000000ebd00000,0x00000000ebf80000)
 ParOldGen       total 42496K, used 1043K [0x00000000c0000000, 0x00000000c2980000, 0x00000000eaa80000)
  object space 42496K, 2% used [0x00000000c0000000,0x00000000c0104f58,0x00000000c2980000)
 PSPermGen       total 21504K, used 5607K [0x00000000bae00000, 0x00000000bc300000, 0x00000000c0000000)
  object space 21504K, 26% used [0x00000000bae00000,0x00000000bb379d78,0x00000000bc300000)

Card table byte_map: [0x00000000057b0000,0x00000000059e0000] byte_map_base: 0x00000000051d9000

Polling page: 0x00000000007f0000

Code Cache  [0x00000000027b0000, 0x0000000002a20000, 0x00000000057b0000)
 total_blobs=332 nmethods=95 adapters=189 free_code_cache=48624Kb largest_free_block=49772096

Compilation events (10 events):
Event: 2.540 Thread 0x0000000008586800   92             com.android.dx.ssa.NormalSsaInsn::getOpcode (8 bytes)
Event: 2.541 Thread 0x0000000008586800 nmethod 92 0x000000000282e8d0 code [0x000000000282ea00, 0x000000000282ea78]
Event: 2.541 Thread 0x0000000008586800   93             com.android.dx.ssa.SsaRenamer$BlockRenamer::addMapping (143 bytes)
Event: 2.544 Thread 0x0000000008585000 nmethod 88 0x00000000028323d0 code [0x0000000002832560, 0x0000000002832af8]
Event: 2.544 Thread 0x0000000008585000   94             java.util.ArrayList::isEmpty (13 bytes)
Event: 2.544 Thread 0x0000000008585000 nmethod 94 0x000000000282e6d0 code [0x000000000282e800, 0x000000000282e858]
Event: 2.544 Thread 0x0000000008585000   95             com.android.dx.ssa.SsaMethod::computeReachability (131 bytes)
Event: 2.551 Thread 0x0000000008586800 nmethod 93 0x0000000002835f90 code [0x0000000002836100, 0x00000000028366f8]
Event: 2.551 Thread 0x0000000008586800   96             com.android.dx.cf.code.Ropper::labelToResultIndex (47 bytes)
Event: 2.556 Thread 0x0000000008586800 nmethod 96 0x0000000002835a50 code [0x0000000002835ba0, 0x0000000002835e18]

GC Heap History (2 events):
Event: 2.400 GC heap before
{Heap before GC invocations=1 (full 0):
 PSYoungGen      total 18944K, used 16384K [0x00000000eaa80000, 0x00000000ebf80000, 0x0000000100000000)
  eden space 16384K, 100% used [0x00000000eaa80000,0x00000000eba80000,0x00000000eba80000)
  from space 2560K, 0% used [0x00000000ebd00000,0x00000000ebd00000,0x00000000ebf80000)
  to   space 2560K, 0% used [0x00000000eba80000,0x00000000eba80000,0x00000000ebd00000)
 ParOldGen       total 42496K, used 0K [0x00000000c0000000, 0x00000000c2980000, 0x00000000eaa80000)
  object space 42496K, 0% used [0x00000000c0000000,0x00000000c0000000,0x00000000c2980000)
 PSPermGen       total 21504K, used 5555K [0x00000000bae00000, 0x00000000bc300000, 0x00000000c0000000)
  object space 21504K, 25% used [0x00000000bae00000,0x00000000bb36cca8,0x00000000bc300000)
Event: 2.473 GC heap after
Heap after GC invocations=1 (full 0):
 PSYoungGen      total 18944K, used 2537K [0x00000000eaa80000, 0x00000000ebf80000, 0x0000000100000000)
  eden space 16384K, 0% used [0x00000000eaa80000,0x00000000eaa80000,0x00000000eba80000)
  from space 2560K, 99% used [0x00000000eba80000,0x00000000ebcfa728,0x00000000ebd00000)
  to   space 2560K, 0% used [0x00000000ebd00000,0x00000000ebd00000,0x00000000ebf80000)
 ParOldGen       total 42496K, used 1043K [0x00000000c0000000, 0x00000000c2980000, 0x00000000eaa80000)
  object space 42496K, 2% used [0x00000000c0000000,0x00000000c0104f58,0x00000000c2980000)
 PSPermGen       total 21504K, used 5555K [0x00000000bae00000, 0x00000000bc300000, 0x00000000c0000000)
  object space 21504K, 25% used [0x00000000bae00000,0x00000000bb36cca8,0x00000000bc300000)
}

Deoptimization events (0 events):
No events

Internal exceptions (10 events):
Event: 1.908 Thread 0x00000000026ad800 Threw 0x00000000eb7ac2c0 at C:\re\jdk7u65\1313\hotspot\src\share\vm\prims\jvm.cpp:1244
Event: 1.909 Thread 0x0000000009f86800 Threw 0x00000000eb642578 at C:\re\jdk7u65\1313\hotspot\src\share\vm\prims\jvm.cpp:1244
Event: 1.910 Thread 0x0000000009f86800 Threw 0x00000000eb646a20 at C:\re\jdk7u65\1313\hotspot\src\share\vm\prims\jvm.cpp:1244
Event: 1.911 Thread 0x0000000009f86800 Threw 0x00000000eb64ba40 at C:\re\jdk7u65\1313\hotspot\src\share\vm\prims\jvm.cpp:1244
Event: 1.912 Thread 0x0000000009f86800 Threw 0x00000000eb651048 at C:\re\jdk7u65\1313\hotspot\src\share\vm\prims\jvm.cpp:1244
Event: 1.912 Thread 0x0000000009f86800 Threw 0x00000000eb6563f0 at C:\re\jdk7u65\1313\hotspot\src\share\vm\prims\jvm.cpp:1244
Event: 1.928 Thread 0x000000000a079000 Threw 0x00000000eb80c800 at C:\re\jdk7u65\1313\hotspot\src\share\vm\prims\jvm.cpp:1244
Event: 2.190 Thread 0x000000000a079000 Threw 0x00000000eb839408 at C:\re\jdk7u65\1313\hotspot\src\share\vm\prims\jvm.cpp:1244
Event: 2.476 Thread 0x0000000009f86800 Threw 0x00000000eaab0f10 at C:\re\jdk7u65\1313\hotspot\src\share\vm\prims\jvm.cpp:1244
Event: 2.528 Thread 0x000000000a060800 Threw 0x00000000eac9bb18 at C:\re\jdk7u65\1313\hotspot\src\share\vm\prims\jvm.cpp:1244

Events (10 events):
Event: 2.476 loading class 0x0000000009f8d2b0
Event: 2.476 loading class 0x0000000009f8d2b0 done
Event: 2.528 loading class 0x000000000a14e160
Event: 2.528 loading class 0x000000000a14e160 done
Event: 2.531 loading class 0x0000000002729df0
Event: 2.531 loading class 0x0000000002729df0 done
Event: 2.531 loading class 0x0000000002729dc0
Event: 2.531 loading class 0x0000000002729dc0 done
Event: 2.536 loading class 0x00000000027257c0
Event: 2.537 loading class 0x00000000027257c0 done


Dynamic libraries:
0x00007ff6fffb0000 - 0x00007ff6fffe3000 	C:\Program Files\Java\jdk1.7.0_65\bin\java.exe
0x00007ffc092c0000 - 0x00007ffc09466000 	C:\Windows\SYSTEM32\ntdll.dll
0x00007ffc06d40000 - 0x00007ffc06e7a000 	C:\Windows\system32\KERNEL32.DLL
0x00007ffc068f0000 - 0x00007ffc069ff000 	C:\Windows\system32\KERNELBASE.dll
0x00007ffc05200000 - 0x00007ffc05288000 	C:\Windows\system32\apphelp.dll
0x00007ffc036a0000 - 0x00007ffc036ef000 	C:\Windows\AppPatch\AppPatch64\AcGenral.DLL
0x00007ffc075a0000 - 0x00007ffc07647000 	C:\Windows\system32\msvcrt.dll
0x00007ffc063d0000 - 0x00007ffc063fb000 	C:\Windows\SYSTEM32\SspiCli.dll
0x00007ffc07830000 - 0x00007ffc07881000 	C:\Windows\system32\SHLWAPI.dll
0x00007ffc06fc0000 - 0x00007ffc07131000 	C:\Windows\system32\USER32.dll
0x00007ffc09140000 - 0x00007ffc092b8000 	C:\Windows\system32\ole32.dll
0x00007ffc07d30000 - 0x00007ffc0913f000 	C:\Windows\system32\SHELL32.dll
0x00007ffc05cb0000 - 0x00007ffc05cce000 	C:\Windows\SYSTEM32\USERENV.dll
0x00007ffc07c80000 - 0x00007ffc07d25000 	C:\Windows\system32\ADVAPI32.dll
0x00007ffbfe400000 - 0x00007ffbfe41b000 	C:\Windows\SYSTEM32\MPR.dll
0x00007ffc06e80000 - 0x00007ffc06fb7000 	C:\Windows\system32\RPCRT4.dll
0x00007ffc06bd0000 - 0x00007ffc06c27000 	C:\Windows\SYSTEM32\sechost.dll
0x00007ffc07a80000 - 0x00007ffc07c56000 	C:\Windows\SYSTEM32\combase.dll
0x00007ffc07270000 - 0x00007ffc073b4000 	C:\Windows\system32\GDI32.dll
0x00007ffc06640000 - 0x00007ffc06654000 	C:\Windows\SYSTEM32\profapi.dll
0x00007ffc04c90000 - 0x00007ffc04d2f000 	C:\Windows\SYSTEM32\SHCORE.dll
0x00007ffc073c0000 - 0x00007ffc073f4000 	C:\Windows\system32\IMM32.DLL
0x00007ffc078a0000 - 0x00007ffc079d9000 	C:\Windows\system32\MSCTF.dll
0x00007ffc065f0000 - 0x00007ffc06621000 	C:\Windows\system32\nvinitx.dll
0x00007ffc065e0000 - 0x00007ffc065ea000 	C:\Windows\SYSTEM32\VERSION.dll
0x00000000724e0000 - 0x00000000724e6000 	C:\Program Files\NVIDIA Corporation\CoProcManager\_etoured.dll
0x00007ffc04420000 - 0x00007ffc04452000 	C:\Program Files\NVIDIA Corporation\CoProcManager\nvd3d9wrapx.dll
0x00007ffc07650000 - 0x00007ffc07824000 	C:\Windows\system32\SETUPAPI.dll
0x00007ffc06b00000 - 0x00007ffc06b4a000 	C:\Windows\system32\CFGMGR32.dll
0x00007ffc04360000 - 0x00007ffc04382000 	C:\Program Files\NVIDIA Corporation\CoProcManager\nvdxgiwrapx.dll
0x00007ffc04800000 - 0x00007ffc04a5a000 	C:\Windows\WinSxS\amd64_microsoft.windows.common-controls_6595b64144ccf1df_6.0.9600.17031_none_6242a4b3ecbb55a1\COMCTL32.dll
0x000000006ff90000 - 0x0000000070062000 	C:\Program Files\Java\jdk1.7.0_65\jre\bin\msvcr100.dll
0x000000006f7b0000 - 0x000000006ff82000 	C:\Program Files\Java\jdk1.7.0_65\jre\bin\server\jvm.dll
0x00007ffbfba10000 - 0x00007ffbfba19000 	C:\Windows\SYSTEM32\WSOCK32.dll
0x00007ffc04340000 - 0x00007ffc0435f000 	C:\Windows\SYSTEM32\WINMM.dll
0x00007ffc06bc0000 - 0x00007ffc06bc7000 	C:\Windows\system32\PSAPI.DLL
0x00007ffc07210000 - 0x00007ffc07268000 	C:\Windows\system32\WS2_32.dll
0x00007ffc04080000 - 0x00007ffc040aa000 	C:\Windows\SYSTEM32\WINMMBASE.dll
0x00007ffc07140000 - 0x00007ffc07149000 	C:\Windows\system32\NSI.dll
0x00007ffc05480000 - 0x00007ffc054a6000 	C:\Windows\SYSTEM32\DEVOBJ.dll
0x000000006f7a0000 - 0x000000006f7af000 	C:\Program Files\Java\jdk1.7.0_65\jre\bin\verify.dll
0x000000006f770000 - 0x000000006f798000 	C:\Program Files\Java\jdk1.7.0_65\jre\bin\java.dll
0x000000006f750000 - 0x000000006f765000 	C:\Program Files\Java\jdk1.7.0_65\jre\bin\zip.dll
0x000000006f730000 - 0x000000006f749000 	C:\Program Files\Java\jdk1.7.0_65\jre\bin\net.dll
0x00007ffc05e50000 - 0x00007ffc05ea8000 	C:\Windows\system32\mswsock.dll
0x000000006f710000 - 0x000000006f721000 	C:\Program Files\Java\jdk1.7.0_65\jre\bin\nio.dll

VM Arguments:
jvm_args: -Djava.awt.headless=true -Xmx1024M -Dfile.encoding=windows-1251 -Duser.country=RU -Duser.language=ru -Duser.variant 
java_command: com.android.dx.command.Main --dex --force-jumbo --num-threads=4 --output D:\buffer\TimeTable\app\build\intermediates\pre-dexed\debug\com.android.support-appcompat-v7-23.3.0_f84eb10ab17b34a109fa7d79a0d0ff360cf91828.jar D:\buffer\TimeTable\app\build\intermediates\exploded-aar\com.android.support\appcompat-v7\23.3.0\jars\classes.jar
Launcher Type: SUN_STANDARD

Environment Variables:
PATH=C:\ProgramData\Oracle\Java\javapath;D:\app\игорь\product\11.2.0\client_1;C:\Program Files (x86)\Intel\iCLS Client\;C:\Program Files\Intel\iCLS Client\;C:\Windows\system32;C:\Windows;C:\Windows\System32\Wbem;C:\Windows\System32\WindowsPowerShell\v1.0\;C:\Program Files\Intel\Intel(R) Management Engine Components\DAL;C:\Program Files\Intel\Intel(R) Management Engine Components\IPT;C:\Program Files (x86)\Intel\Intel(R) Management Engine Components\DAL;C:\Program Files (x86)\Intel\Intel(R) Management Engine Components\IPT;C:\Program Files\Microsoft\Web Platform Installer\;C:\Program Files (x86)\Microsoft ASP.NET\ASP.NET Web Pages\v1.0\;C:\Program Files (x86)\Windows Kits\8.0\Windows Performance Toolkit\;C:\Program Files\Microsoft SQL Server\110\Tools\Binn\;C:\Program Files (x86)\NVIDIA Corporation\PhysX\Common;C:\Program Files (x86)\Skype\Phone\;C:\Program Files (x86)\Windows Kits\8.1\Windows Performance Toolkit\;C:\Program Files\Git\cmd;C:\Program Files\TortoiseGit\bin;-Djava.util.logging.config.file=logging.properties 
USERNAME=игорь
OS=Windows_NT
PROCESSOR_IDENTIFIER=Intel64 Family 6 Model 58 Stepping 9, GenuineIntel



---------------  S Y S T E M  ---------------

OS: Windows 8.1 , 64 bit Build 9600 

CPU:total 4 (2 cores per cpu, 2 threads per core) family 6 model 58 stepping 9, cmov, cx8, fxsr, mmx, sse, sse2, sse3, ssse3, sse4.1, sse4.2, popcnt, avx, aes, erms, ht, tsc, tscinvbit, tscinv

Memory: 4k page, physical 4077188k(187928k free), swap 6174340k(5120k free)

vm_info: Java HotSpot(TM) 64-Bit Server VM (24.65-b04) for windows-amd64 JRE (1.7.0_65-b19), built on Jul  9 2014 17:47:07 by "java_re" with unknown MS VC++:1600

time: Tue Apr 11 00:24:56 2017
elapsed time: 2 seconds

