#
# There is insufficient memory for the Java Runtime Environment to continue.
# Native memory allocation (malloc) failed to allocate 365056 bytes for Chunk::new
# Possible reasons:
#   The system is out of physical RAM or swap space
#   In 32 bit mode, the process size limit was hit
# Possible solutions:
#   Reduce memory load on the system
#   Increase physical memory or swap space
#   Check if swap backing store is full
#   Use 64 bit Java on a 64 bit OS
#   Decrease Java heap size (-Xmx/-Xms)
#   Decrease number of Java threads
#   Decrease Java thread stack sizes (-Xss)
#   Set larger code cache with -XX:ReservedCodeCacheSize=
# This output file may be truncated or incomplete.
#
#  Out of Memory Error (allocation.cpp:323), pid=2276, tid=6892
#
# JRE version: Java(TM) SE Runtime Environment (7.0_65-b19) (build 1.7.0_65-b19)
# Java VM: Java HotSpot(TM) 64-Bit Server VM (24.65-b04 mixed mode windows-amd64 compressed oops)
# Failed to write core dump. Minidumps are not enabled by default on client versions of Windows
#

---------------  T H R E A D  ---------------

Current thread (0x0000000008d35000):  JavaThread "C2 CompilerThread0" daemon [_thread_in_native, id=6892, stack(0x000000000a2a0000,0x000000000a3a0000)]

Stack: [0x000000000a2a0000,0x000000000a3a0000]

Current CompileTask:
C2:   3290  203             com.android.dx.ssa.back.LivenessAnalyzer::run (231 bytes)


---------------  P R O C E S S  ---------------

Java Threads: ( => current thread )
  0x000000000a8c2800 JavaThread "pool-1-thread-4" [_thread_in_vm, id=4936, stack(0x000000000aea0000,0x000000000afa0000)]
  0x000000000a8c1800 JavaThread "pool-1-thread-3" [_thread_in_Java, id=2456, stack(0x000000000ada0000,0x000000000aea0000)]
  0x000000000a8a8000 JavaThread "pool-1-thread-2" [_thread_in_Java, id=6580, stack(0x000000000aca0000,0x000000000ada0000)]
  0x000000000a8a7000 JavaThread "pool-2-thread-1" [_thread_blocked, id=4420, stack(0x000000000aba0000,0x000000000aca0000)]
  0x000000000a727000 JavaThread "pool-1-thread-1" [_thread_in_Java, id=3708, stack(0x000000000aaa0000,0x000000000aba0000)]
  0x0000000008d46000 JavaThread "Service Thread" daemon [_thread_blocked, id=4652, stack(0x000000000a4a0000,0x000000000a5a0000)]
  0x0000000008d37000 JavaThread "C2 CompilerThread1" daemon [_thread_in_native, id=6352, stack(0x000000000a3a0000,0x000000000a4a0000)]
=>0x0000000008d35000 JavaThread "C2 CompilerThread0" daemon [_thread_in_native, id=6892, stack(0x000000000a2a0000,0x000000000a3a0000)]
  0x0000000008d34000 JavaThread "Attach Listener" daemon [_thread_blocked, id=5452, stack(0x000000000a1a0000,0x000000000a2a0000)]
  0x0000000008d31000 JavaThread "Signal Dispatcher" daemon [_thread_blocked, id=4064, stack(0x000000000a0a0000,0x000000000a1a0000)]
  0x0000000008cf9000 JavaThread "Finalizer" daemon [_thread_blocked, id=6216, stack(0x0000000009fa0000,0x000000000a0a0000)]
  0x0000000008cf5800 JavaThread "Reference Handler" daemon [_thread_blocked, id=5916, stack(0x0000000009ea0000,0x0000000009fa0000)]
  0x0000000002c9d800 JavaThread "main" [_thread_in_native, id=6296, stack(0x0000000002ca0000,0x0000000002da0000)]

Other Threads:
  0x0000000008cf1800 VMThread [stack: 0x0000000009da0000,0x0000000009ea0000] [id=6104]
  0x0000000008d50000 WatcherThread [stack: 0x000000000a5a0000,0x000000000a6a0000] [id=6512]

VM state:not at safepoint (normal execution)

VM Mutex/Monitor currently owned by a thread: None

Heap
 PSYoungGen      total 18944K, used 16907K [0x00000000eaa80000, 0x00000000ebf80000, 0x0000000100000000)
  eden space 16384K, 87% used [0x00000000eaa80000,0x00000000eb8892c8,0x00000000eba80000)
  from space 2560K, 99% used [0x00000000eba80000,0x00000000ebcf9c68,0x00000000ebd00000)
  to   space 2560K, 0% used [0x00000000ebd00000,0x00000000ebd00000,0x00000000ebf80000)
 ParOldGen       total 42496K, used 1513K [0x00000000c0000000, 0x00000000c2980000, 0x00000000eaa80000)
  object space 42496K, 3% used [0x00000000c0000000,0x00000000c017a508,0x00000000c2980000)
 PSPermGen       total 21504K, used 5760K [0x00000000bae00000, 0x00000000bc300000, 0x00000000c0000000)
  object space 21504K, 26% used [0x00000000bae00000,0x00000000bb3a0488,0x00000000bc300000)

Card table byte_map: [0x0000000005f60000,0x0000000006190000] byte_map_base: 0x0000000005989000

Polling page: 0x0000000001000000

Code Cache  [0x0000000002ea0000, 0x0000000003110000, 0x0000000005ea0000)
 total_blobs=442 nmethods=206 adapters=188 free_code_cache=48325Kb largest_free_block=49454400

Compilation events (10 events):
Event: 3.272 Thread 0x0000000008d35000 nmethod 200 0x0000000002f62050 code [0x0000000002f621a0, 0x0000000002f62228]
Event: 3.272 Thread 0x0000000008d35000  201             java.util.HashMap::<init> (119 bytes)
Event: 3.273 Thread 0x0000000008d35000 nmethod 201 0x0000000002f61d50 code [0x0000000002f61ea0, 0x0000000002f61f98]
Event: 3.273 Thread 0x0000000008d35000  202             java.util.HashMap::init (1 bytes)
Event: 3.273 Thread 0x0000000008d37000 nmethod 195 0x0000000002f731d0 code [0x0000000002f73420, 0x0000000002f74690]
Event: 3.273 Thread 0x0000000008d35000 nmethod 202 0x0000000002f61b50 code [0x0000000002f61c80, 0x0000000002f61cd8]
Event: 3.273 Thread 0x0000000008d35000  203             com.android.dx.ssa.back.LivenessAnalyzer::run (231 bytes)
Event: 3.274 Thread 0x0000000008d37000  204             java.util.BitSet::or (105 bytes)
Event: 3.279 Thread 0x0000000008d37000 nmethod 204 0x0000000002f61210 code [0x0000000002f61360, 0x0000000002f61588]
Event: 3.279 Thread 0x0000000008d37000  205   !         com.android.dx.rop.code.BasicBlock::<init> (273 bytes)

GC Heap History (2 events):
Event: 2.221 GC heap before
{Heap before GC invocations=1 (full 0):
 PSYoungGen      total 18944K, used 16384K [0x00000000eaa80000, 0x00000000ebf80000, 0x0000000100000000)
  eden space 16384K, 100% used [0x00000000eaa80000,0x00000000eba80000,0x00000000eba80000)
  from space 2560K, 0% used [0x00000000ebd00000,0x00000000ebd00000,0x00000000ebf80000)
  to   space 2560K, 0% used [0x00000000eba80000,0x00000000eba80000,0x00000000ebd00000)
 ParOldGen       total 42496K, used 0K [0x00000000c0000000, 0x00000000c2980000, 0x00000000eaa80000)
  object space 42496K, 0% used [0x00000000c0000000,0x00000000c0000000,0x00000000c2980000)
 PSPermGen       total 21504K, used 5591K [0x00000000bae00000, 0x00000000bc300000, 0x00000000c0000000)
  object space 21504K, 26% used [0x00000000bae00000,0x00000000bb375fc0,0x00000000bc300000)
Event: 2.233 GC heap after
Heap after GC invocations=1 (full 0):
 PSYoungGen      total 18944K, used 2535K [0x00000000eaa80000, 0x00000000ebf80000, 0x0000000100000000)
  eden space 16384K, 0% used [0x00000000eaa80000,0x00000000eaa80000,0x00000000eba80000)
  from space 2560K, 99% used [0x00000000eba80000,0x00000000ebcf9c68,0x00000000ebd00000)
  to   space 2560K, 0% used [0x00000000ebd00000,0x00000000ebd00000,0x00000000ebf80000)
 ParOldGen       total 42496K, used 1513K [0x00000000c0000000, 0x00000000c2980000, 0x00000000eaa80000)
  object space 42496K, 3% used [0x00000000c0000000,0x00000000c017a508,0x00000000c2980000)
 PSPermGen       total 21504K, used 5591K [0x00000000bae00000, 0x00000000bc300000, 0x00000000c0000000)
  object space 21504K, 26% used [0x00000000bae00000,0x00000000bb375fc0,0x00000000bc300000)
}

Deoptimization events (10 events):
Event: 2.052 Thread 0x000000000a8c1800 Uncommon trap: reason=class_check action=maybe_recompile pc=0x0000000002f1c6b0 method=com.android.dx.ssa.NormalSsaInsn.accept(Lcom/android/dx/ssa/SsaInsn$Visitor;)V @ 9
Event: 2.192 Thread 0x0000000002c9d800 Uncommon trap: reason=class_check action=maybe_recompile pc=0x0000000002f1c6b0 method=com.android.dx.ssa.NormalSsaInsn.accept(Lcom/android/dx/ssa/SsaInsn$Visitor;)V @ 9
Event: 2.247 Thread 0x000000000a8c2800 Uncommon trap: reason=class_check action=maybe_recompile pc=0x0000000002f1c6b0 method=com.android.dx.ssa.NormalSsaInsn.accept(Lcom/android/dx/ssa/SsaInsn$Visitor;)V @ 9
Event: 2.253 Thread 0x000000000a8a8000 Uncommon trap: reason=class_check action=maybe_recompile pc=0x0000000002f1c6b0 method=com.android.dx.ssa.NormalSsaInsn.accept(Lcom/android/dx/ssa/SsaInsn$Visitor;)V @ 9
Event: 2.262 Thread 0x000000000a8a8000 Uncommon trap: reason=null_check action=make_not_entrant pc=0x0000000002f29efc method=com.android.dx.rop.code.LocalItem.equals(Ljava/lang/Object;)Z @ 1
Event: 2.496 Thread 0x0000000002c9d800 Uncommon trap: reason=class_check action=maybe_recompile pc=0x0000000002f31c68 method=com.android.dx.rop.type.Type.equals(Ljava/lang/Object;)Z @ 8
Event: 2.496 Thread 0x0000000002c9d800 Uncommon trap: reason=class_check action=maybe_recompile pc=0x0000000002f31c68 method=com.android.dx.rop.type.Type.equals(Ljava/lang/Object;)Z @ 8
Event: 2.504 Thread 0x0000000002c9d800 Uncommon trap: reason=class_check action=maybe_recompile pc=0x0000000002f31c68 method=com.android.dx.rop.type.Type.equals(Ljava/lang/Object;)Z @ 8
Event: 2.505 Thread 0x0000000002c9d800 Uncommon trap: reason=class_check action=maybe_recompile pc=0x0000000002f31c68 method=com.android.dx.rop.type.Type.equals(Ljava/lang/Object;)Z @ 8
Event: 3.228 Thread 0x0000000002c9d800 Uncommon trap: reason=null_check action=make_not_entrant pc=0x0000000002f549b4 method=com.android.dx.rop.type.Type.putIntern(Lcom/android/dx/rop/type/Type;)Lcom/android/dx/rop/type/Type; @ 18

Internal exceptions (10 events):
Event: 1.870 Thread 0x0000000002c9d800 Threw 0x00000000eb5625a8 at C:\re\jdk7u65\1313\hotspot\src\share\vm\prims\jvm.cpp:1244
Event: 1.871 Thread 0x000000000a727000 Threw 0x00000000eb5054d8 at C:\re\jdk7u65\1313\hotspot\src\share\vm\prims\jvm.cpp:1244
Event: 1.872 Thread 0x0000000002c9d800 Threw 0x00000000eb613028 at C:\re\jdk7u65\1313\hotspot\src\share\vm\prims\jvm.cpp:1244
Event: 1.878 Thread 0x0000000002c9d800 Threw 0x00000000eb629008 at C:\re\jdk7u65\1313\hotspot\src\share\vm\prims\jvm.cpp:1244
Event: 1.879 Thread 0x0000000002c9d800 Threw 0x00000000eb62e438 at C:\re\jdk7u65\1313\hotspot\src\share\vm\prims\jvm.cpp:1244
Event: 1.883 Thread 0x000000000a727000 Threw 0x00000000eb66c170 at C:\re\jdk7u65\1313\hotspot\src\share\vm\prims\jvm.cpp:1244
Event: 2.262 Thread 0x000000000a8a8000 Implicit null exception at 0x0000000002f29bba to 0x0000000002f29ee9
Event: 2.493 Thread 0x0000000002c9d800 Threw 0x00000000ead86798 at C:\re\jdk7u65\1313\hotspot\src\share\vm\prims\jvm.cpp:1244
Event: 2.495 Thread 0x0000000002c9d800 Threw 0x00000000ead8d2b8 at C:\re\jdk7u65\1313\hotspot\src\share\vm\prims\jvm.cpp:1244
Event: 3.228 Thread 0x0000000002c9d800 Implicit null exception at 0x0000000002f542c7 to 0x0000000002f549a5

Events (10 events):
Event: 2.498 loading class 0x0000000002e19f20 done
Event: 2.504 Thread 0x0000000002c9d800 Uncommon trap: trap_request=0xffffffde fr.pc=0x0000000002f31c68
Event: 2.504 Thread 0x0000000002c9d800 DEOPT PACKING pc=0x0000000002f31c68 sp=0x0000000002d9e710
Event: 2.504 Thread 0x0000000002c9d800 DEOPT UNPACKING pc=0x0000000002ed75a4 sp=0x0000000002d9e668 mode 2
Event: 2.505 Thread 0x0000000002c9d800 Uncommon trap: trap_request=0xffffffde fr.pc=0x0000000002f31c68
Event: 2.505 Thread 0x0000000002c9d800 DEOPT PACKING pc=0x0000000002f31c68 sp=0x0000000002d9e630
Event: 2.505 Thread 0x0000000002c9d800 DEOPT UNPACKING pc=0x0000000002ed75a4 sp=0x0000000002d9e568 mode 2
Event: 3.228 Thread 0x0000000002c9d800 Uncommon trap: trap_request=0xfffffff4 fr.pc=0x0000000002f549b4
Event: 3.228 Thread 0x0000000002c9d800 DEOPT PACKING pc=0x0000000002f549b4 sp=0x0000000002d9ede0
Event: 3.228 Thread 0x0000000002c9d800 DEOPT UNPACKING pc=0x0000000002ed75a4 sp=0x0000000002d9ed00 mode 2


Dynamic libraries:
0x00007ff6fffb0000 - 0x00007ff6fffe3000 	C:\Program Files\Java\jdk1.7.0_65\bin\java.exe
0x00007ffc092c0000 - 0x00007ffc09466000 	C:\Windows\SYSTEM32\ntdll.dll
0x00007ffc06d40000 - 0x00007ffc06e7a000 	C:\Windows\system32\KERNEL32.DLL
0x00007ffc068f0000 - 0x00007ffc069ff000 	C:\Windows\system32\KERNELBASE.dll
0x00007ffc05200000 - 0x00007ffc05288000 	C:\Windows\system32\apphelp.dll
0x00007ffc036a0000 - 0x00007ffc036ef000 	C:\Windows\AppPatch\AppPatch64\AcGenral.DLL
0x00007ffc075a0000 - 0x00007ffc07647000 	C:\Windows\system32\msvcrt.dll
0x00007ffc063d0000 - 0x00007ffc063fb000 	C:\Windows\SYSTEM32\SspiCli.dll
0x00007ffc07830000 - 0x00007ffc07881000 	C:\Windows\system32\SHLWAPI.dll
0x00007ffc06fc0000 - 0x00007ffc07131000 	C:\Windows\system32\USER32.dll
0x00007ffc09140000 - 0x00007ffc092b8000 	C:\Windows\system32\ole32.dll
0x00007ffc07d30000 - 0x00007ffc0913f000 	C:\Windows\system32\SHELL32.dll
0x00007ffc05cb0000 - 0x00007ffc05cce000 	C:\Windows\SYSTEM32\USERENV.dll
0x00007ffc07c80000 - 0x00007ffc07d25000 	C:\Windows\system32\ADVAPI32.dll
0x00007ffbfe400000 - 0x00007ffbfe41b000 	C:\Windows\SYSTEM32\MPR.dll
0x00007ffc06e80000 - 0x00007ffc06fb7000 	C:\Windows\system32\RPCRT4.dll
0x00007ffc06bd0000 - 0x00007ffc06c27000 	C:\Windows\SYSTEM32\sechost.dll
0x00007ffc07a80000 - 0x00007ffc07c56000 	C:\Windows\SYSTEM32\combase.dll
0x00007ffc07270000 - 0x00007ffc073b4000 	C:\Windows\system32\GDI32.dll
0x00007ffc06640000 - 0x00007ffc06654000 	C:\Windows\SYSTEM32\profapi.dll
0x00007ffc04c90000 - 0x00007ffc04d2f000 	C:\Windows\SYSTEM32\SHCORE.dll
0x00007ffc073c0000 - 0x00007ffc073f4000 	C:\Windows\system32\IMM32.DLL
0x00007ffc078a0000 - 0x00007ffc079d9000 	C:\Windows\system32\MSCTF.dll
0x00007ffc065f0000 - 0x00007ffc06621000 	C:\Windows\system32\nvinitx.dll
0x00007ffc065e0000 - 0x00007ffc065ea000 	C:\Windows\SYSTEM32\VERSION.dll
0x00000000724e0000 - 0x00000000724e6000 	C:\Program Files\NVIDIA Corporation\CoProcManager\_etoured.dll
0x00007ffc04420000 - 0x00007ffc04452000 	C:\Program Files\NVIDIA Corporation\CoProcManager\nvd3d9wrapx.dll
0x00007ffc07650000 - 0x00007ffc07824000 	C:\Windows\system32\SETUPAPI.dll
0x00007ffc06b00000 - 0x00007ffc06b4a000 	C:\Windows\system32\CFGMGR32.dll
0x00007ffc04360000 - 0x00007ffc04382000 	C:\Program Files\NVIDIA Corporation\CoProcManager\nvdxgiwrapx.dll
0x00007ffc04800000 - 0x00007ffc04a5a000 	C:\Windows\WinSxS\amd64_microsoft.windows.common-controls_6595b64144ccf1df_6.0.9600.17031_none_6242a4b3ecbb55a1\COMCTL32.dll
0x000000006ff90000 - 0x0000000070062000 	C:\Program Files\Java\jdk1.7.0_65\jre\bin\msvcr100.dll
0x000000006f7b0000 - 0x000000006ff82000 	C:\Program Files\Java\jdk1.7.0_65\jre\bin\server\jvm.dll
0x00007ffbfba10000 - 0x00007ffbfba19000 	C:\Windows\SYSTEM32\WSOCK32.dll
0x00007ffc04340000 - 0x00007ffc0435f000 	C:\Windows\SYSTEM32\WINMM.dll
0x00007ffc06bc0000 - 0x00007ffc06bc7000 	C:\Windows\system32\PSAPI.DLL
0x00007ffc07210000 - 0x00007ffc07268000 	C:\Windows\system32\WS2_32.dll
0x00007ffc04080000 - 0x00007ffc040aa000 	C:\Windows\SYSTEM32\WINMMBASE.dll
0x00007ffc07140000 - 0x00007ffc07149000 	C:\Windows\system32\NSI.dll
0x00007ffc05480000 - 0x00007ffc054a6000 	C:\Windows\SYSTEM32\DEVOBJ.dll
0x000000006f7a0000 - 0x000000006f7af000 	C:\Program Files\Java\jdk1.7.0_65\jre\bin\verify.dll
0x000000006f770000 - 0x000000006f798000 	C:\Program Files\Java\jdk1.7.0_65\jre\bin\java.dll
0x000000006f750000 - 0x000000006f765000 	C:\Program Files\Java\jdk1.7.0_65\jre\bin\zip.dll
0x000000006f730000 - 0x000000006f749000 	C:\Program Files\Java\jdk1.7.0_65\jre\bin\net.dll
0x00007ffc05e50000 - 0x00007ffc05ea8000 	C:\Windows\system32\mswsock.dll
0x000000006f710000 - 0x000000006f721000 	C:\Program Files\Java\jdk1.7.0_65\jre\bin\nio.dll

VM Arguments:
jvm_args: -Djava.awt.headless=true -Xmx1024M -Dfile.encoding=windows-1251 -Duser.country=RU -Duser.language=ru -Duser.variant 
java_command: com.android.dx.command.Main --dex --force-jumbo --num-threads=4 --output D:\buffer\TimeTable\app\build\intermediates\pre-dexed\debug\org.jbundle.util.osgi.wrapped.org.apache.http.client-4.1.2_18629f35fe1e87288cda66b05a2a7596c18c8505.jar C:\Users\игорь\.gradle\caches\modules-2\files-2.1\org.jbundle.util.osgi.wrapped\org.jbundle.util.osgi.wrapped.org.apache.http.client\4.1.2\98c86e42679fe7ac066f6c242e0d14f0bce0bb7c\org.jbundle.util.osgi.wrapped.org.apache.http.client-4.1.2.jar
Launcher Type: SUN_STANDARD

Environment Variables:
PATH=C:\ProgramData\Oracle\Java\javapath;D:\app\игорь\product\11.2.0\client_1;C:\Program Files (x86)\Intel\iCLS Client\;C:\Program Files\Intel\iCLS Client\;C:\Windows\system32;C:\Windows;C:\Windows\System32\Wbem;C:\Windows\System32\WindowsPowerShell\v1.0\;C:\Program Files\Intel\Intel(R) Management Engine Components\DAL;C:\Program Files\Intel\Intel(R) Management Engine Components\IPT;C:\Program Files (x86)\Intel\Intel(R) Management Engine Components\DAL;C:\Program Files (x86)\Intel\Intel(R) Management Engine Components\IPT;C:\Program Files\Microsoft\Web Platform Installer\;C:\Program Files (x86)\Microsoft ASP.NET\ASP.NET Web Pages\v1.0\;C:\Program Files (x86)\Windows Kits\8.0\Windows Performance Toolkit\;C:\Program Files\Microsoft SQL Server\110\Tools\Binn\;C:\Program Files (x86)\NVIDIA Corporation\PhysX\Common;C:\Program Files (x86)\Skype\Phone\;C:\Program Files (x86)\Windows Kits\8.1\Windows Performance Toolkit\;C:\Program Files\Git\cmd;C:\Program Files\TortoiseGit\bin;-Djava.util.logging.config.file=logging.properties 
USERNAME=игорь
OS=Windows_NT
PROCESSOR_IDENTIFIER=Intel64 Family 6 Model 58 Stepping 9, GenuineIntel



---------------  S Y S T E M  ---------------

OS: Windows 8.1 , 64 bit Build 9600 

CPU:total 4 (2 cores per cpu, 2 threads per core) family 6 model 58 stepping 9, cmov, cx8, fxsr, mmx, sse, sse2, sse3, ssse3, sse4.1, sse4.2, popcnt, avx, aes, erms, ht, tsc, tscinvbit, tscinv

Memory: 4k page, physical 4077188k(153560k free), swap 6174340k(5192k free)

vm_info: Java HotSpot(TM) 64-Bit Server VM (24.65-b04) for windows-amd64 JRE (1.7.0_65-b19), built on Jul  9 2014 17:47:07 by "java_re" with unknown MS VC++:1600

time: Tue Apr 11 00:24:52 2017
elapsed time: 3 seconds

